<?xml version="1.0" encoding="UTF-8"?>
<testsuite name="org.aklimov.fall_analytics.lib.MoexISSHistoryLoaderTest" tests="1" skipped="0" failures="0" errors="0" timestamp="2020-10-27T17:31:56" hostname="DESKTOP-SKGUED8" time="75.917">
  <properties/>
  <testcase name="test()" classname="org.aklimov.fall_analytics.lib.MoexISSHistoryLoaderTest" time="75.917"/>
  <system-out><![CDATA[20:31:53.175 [Test worker] DEBUG org.springframework.test.context.BootstrapUtils - Instantiating CacheAwareContextLoaderDelegate from class [org.springframework.test.context.cache.DefaultCacheAwareContextLoaderDelegate]
20:31:53.196 [Test worker] DEBUG org.springframework.test.context.BootstrapUtils - Instantiating BootstrapContext using constructor [public org.springframework.test.context.support.DefaultBootstrapContext(java.lang.Class,org.springframework.test.context.CacheAwareContextLoaderDelegate)]
20:31:53.235 [Test worker] DEBUG org.springframework.test.context.BootstrapUtils - Instantiating TestContextBootstrapper for test class [org.aklimov.fall_analytics.lib.MoexISSHistoryLoaderTest] from class [org.springframework.boot.test.context.SpringBootTestContextBootstrapper]
20:31:53.257 [Test worker] INFO org.springframework.boot.test.context.SpringBootTestContextBootstrapper - Neither @ContextConfiguration nor @ContextHierarchy found for test class [org.aklimov.fall_analytics.lib.MoexISSHistoryLoaderTest], using SpringBootContextLoader
20:31:53.262 [Test worker] DEBUG org.springframework.test.context.support.AbstractContextLoader - Did not detect default resource location for test class [org.aklimov.fall_analytics.lib.MoexISSHistoryLoaderTest]: class path resource [org/aklimov/fall_analytics/lib/MoexISSHistoryLoaderTest-context.xml] does not exist
20:31:53.263 [Test worker] DEBUG org.springframework.test.context.support.AbstractContextLoader - Did not detect default resource location for test class [org.aklimov.fall_analytics.lib.MoexISSHistoryLoaderTest]: class path resource [org/aklimov/fall_analytics/lib/MoexISSHistoryLoaderTestContext.groovy] does not exist
20:31:53.263 [Test worker] INFO org.springframework.test.context.support.AbstractContextLoader - Could not detect default resource locations for test class [org.aklimov.fall_analytics.lib.MoexISSHistoryLoaderTest]: no resource found for suffixes {-context.xml, Context.groovy}.
20:31:53.311 [Test worker] DEBUG org.springframework.test.context.support.ActiveProfilesUtils - Could not find an 'annotation declaring class' for annotation type [org.springframework.test.context.ActiveProfiles] and class [org.aklimov.fall_analytics.lib.MoexISSHistoryLoaderTest]
20:31:53.505 [Test worker] DEBUG org.springframework.boot.test.context.SpringBootTestContextBootstrapper - @TestExecutionListeners is not present for class [org.aklimov.fall_analytics.lib.MoexISSHistoryLoaderTest]: using defaults.
20:31:53.506 [Test worker] INFO org.springframework.boot.test.context.SpringBootTestContextBootstrapper - Loaded default TestExecutionListener class names from location [META-INF/spring.factories]: [org.springframework.boot.test.autoconfigure.restdocs.RestDocsTestExecutionListener, org.springframework.boot.test.autoconfigure.web.client.MockRestServiceServerResetTestExecutionListener, org.springframework.boot.test.autoconfigure.web.servlet.MockMvcPrintOnlyOnFailureTestExecutionListener, org.springframework.boot.test.autoconfigure.web.servlet.WebDriverTestExecutionListener, org.springframework.boot.test.autoconfigure.webservices.client.MockWebServiceServerTestExecutionListener, org.springframework.boot.test.mock.mockito.MockitoTestExecutionListener, org.springframework.boot.test.mock.mockito.ResetMocksTestExecutionListener, org.springframework.test.context.web.ServletTestExecutionListener, org.springframework.test.context.support.DirtiesContextBeforeModesTestExecutionListener, org.springframework.test.context.support.DependencyInjectionTestExecutionListener, org.springframework.test.context.support.DirtiesContextTestExecutionListener, org.springframework.test.context.transaction.TransactionalTestExecutionListener, org.springframework.test.context.jdbc.SqlScriptsTestExecutionListener, org.springframework.test.context.event.EventPublishingTestExecutionListener]
20:31:53.519 [Test worker] DEBUG org.springframework.boot.test.context.SpringBootTestContextBootstrapper - Skipping candidate TestExecutionListener [org.springframework.test.context.web.ServletTestExecutionListener] due to a missing dependency. Specify custom listener classes or make the default listener classes and their required dependencies available. Offending class: [javax/servlet/ServletContext]
20:31:53.529 [Test worker] INFO org.springframework.boot.test.context.SpringBootTestContextBootstrapper - Using TestExecutionListeners: [org.springframework.test.context.support.DirtiesContextBeforeModesTestExecutionListener@64cdadb3, org.springframework.boot.test.mock.mockito.MockitoTestExecutionListener@34188852, org.springframework.boot.test.autoconfigure.SpringBootDependencyInjectionTestExecutionListener@2d85cd7d, org.springframework.test.context.support.DirtiesContextTestExecutionListener@798f9f0c, org.springframework.test.context.transaction.TransactionalTestExecutionListener@702615bb, org.springframework.test.context.jdbc.SqlScriptsTestExecutionListener@c49f5, org.springframework.test.context.event.EventPublishingTestExecutionListener@36192ac, org.springframework.boot.test.autoconfigure.restdocs.RestDocsTestExecutionListener@6931a33, org.springframework.boot.test.autoconfigure.web.client.MockRestServiceServerResetTestExecutionListener@46d84c97, org.springframework.boot.test.autoconfigure.web.servlet.MockMvcPrintOnlyOnFailureTestExecutionListener@2479e658, org.springframework.boot.test.autoconfigure.web.servlet.WebDriverTestExecutionListener@2b82f489, org.springframework.boot.test.autoconfigure.webservices.client.MockWebServiceServerTestExecutionListener@35de2148, org.springframework.boot.test.mock.mockito.ResetMocksTestExecutionListener@31e67f90]
20:31:53.535 [Test worker] DEBUG org.springframework.test.context.support.AbstractDirtiesContextTestExecutionListener - Before test class: context [DefaultTestContext@44176e55 testClass = MoexISSHistoryLoaderTest, testInstance = [null], testMethod = [null], testException = [null], mergedContextConfiguration = [MergedContextConfiguration@51b381d7 testClass = MoexISSHistoryLoaderTest, locations = '{}', classes = '{class org.aklimov.fall_analytics.lib.TestConfiguration, class org.aklimov.fall_analytics.lib.TestConfiguration}', contextInitializerClasses = '[]', activeProfiles = '{}', propertySourceLocations = '{}', propertySourceProperties = '{org.springframework.boot.test.context.SpringBootTestContextBootstrapper=true}', contextCustomizers = set[org.springframework.boot.test.autoconfigure.properties.PropertyMappingContextCustomizer@0, org.springframework.boot.test.autoconfigure.web.servlet.WebDriverContextCustomizerFactory$Customizer@63c076b7, [ImportsContextCustomizer@70d0ec03 key = [@org.springframework.test.context.BootstrapWith(org.springframework.boot.test.context.SpringBootTestContextBootstrapper.class), @org.springframework.boot.test.context.SpringBootTest(args={"--spring.datasource.url=jdbc:postgresql://localhost/fall_analytics?user=postgres&password=q1", "--spring.datasource.driver-class-name=org.postgresql.Driver", "--spring.main.web-application-type=none"}, webEnvironment=MOCK, value={}, properties={}, classes={org.aklimov.fall_analytics.lib.TestConfiguration.class}), @org.springframework.boot.autoconfigure.EnableAutoConfiguration(exclude={}, excludeName={}), @org.apiguardian.api.API(consumers={"*"}, since="5.0", status=STABLE), @org.springframework.context.annotation.Import({org.springframework.boot.autoconfigure.AutoConfigurationImportSelector.class}), @org.junit.jupiter.api.extension.ExtendWith({org.springframework.test.context.junit.jupiter.SpringExtension.class}), @org.springframework.context.annotation.Import({org.springframework.boot.autoconfigure.AutoConfigurationPackages$Registrar.class}), @org.springframework.boot.autoconfigure.AutoConfigurationPackage(basePackages={}, basePackageClasses={})]], org.springframework.boot.test.context.filter.ExcludeFilterContextCustomizer@8cbe70b, org.springframework.boot.test.json.DuplicateJsonObjectContextCustomizerFactory$DuplicateJsonObjectContextCustomizer@2a1922ef, org.springframework.boot.test.mock.mockito.MockitoContextCustomizer@0, org.springframework.boot.test.web.client.TestRestTemplateContextCustomizer@1e6e337b, org.springframework.boot.test.context.SpringBootTestArgs@c1ce4fb], contextLoader = 'org.springframework.boot.test.context.SpringBootContextLoader', parent = [null]], attributes = map[[empty]]], class annotated with @DirtiesContext [false] with mode [null].
20:31:53.942 [Test worker] DEBUG org.springframework.test.context.support.DependencyInjectionTestExecutionListener - Performing dependency injection for test context [[DefaultTestContext@44176e55 testClass = MoexISSHistoryLoaderTest, testInstance = org.aklimov.fall_analytics.lib.MoexISSHistoryLoaderTest@1ca93b59, testMethod = [null], testException = [null], mergedContextConfiguration = [MergedContextConfiguration@51b381d7 testClass = MoexISSHistoryLoaderTest, locations = '{}', classes = '{class org.aklimov.fall_analytics.lib.TestConfiguration, class org.aklimov.fall_analytics.lib.TestConfiguration}', contextInitializerClasses = '[]', activeProfiles = '{}', propertySourceLocations = '{}', propertySourceProperties = '{org.springframework.boot.test.context.SpringBootTestContextBootstrapper=true}', contextCustomizers = set[org.springframework.boot.test.autoconfigure.properties.PropertyMappingContextCustomizer@0, org.springframework.boot.test.autoconfigure.web.servlet.WebDriverContextCustomizerFactory$Customizer@63c076b7, [ImportsContextCustomizer@70d0ec03 key = [@org.springframework.test.context.BootstrapWith(org.springframework.boot.test.context.SpringBootTestContextBootstrapper.class), @org.springframework.boot.test.context.SpringBootTest(args={"--spring.datasource.url=jdbc:postgresql://localhost/fall_analytics?user=postgres&password=q1", "--spring.datasource.driver-class-name=org.postgresql.Driver", "--spring.main.web-application-type=none"}, webEnvironment=MOCK, value={}, properties={}, classes={org.aklimov.fall_analytics.lib.TestConfiguration.class}), @org.springframework.boot.autoconfigure.EnableAutoConfiguration(exclude={}, excludeName={}), @org.apiguardian.api.API(consumers={"*"}, since="5.0", status=STABLE), @org.springframework.context.annotation.Import({org.springframework.boot.autoconfigure.AutoConfigurationImportSelector.class}), @org.junit.jupiter.api.extension.ExtendWith({org.springframework.test.context.junit.jupiter.SpringExtension.class}), @org.springframework.context.annotation.Import({org.springframework.boot.autoconfigure.AutoConfigurationPackages$Registrar.class}), @org.springframework.boot.autoconfigure.AutoConfigurationPackage(basePackages={}, basePackageClasses={})]], org.springframework.boot.test.context.filter.ExcludeFilterContextCustomizer@8cbe70b, org.springframework.boot.test.json.DuplicateJsonObjectContextCustomizerFactory$DuplicateJsonObjectContextCustomizer@2a1922ef, org.springframework.boot.test.mock.mockito.MockitoContextCustomizer@0, org.springframework.boot.test.web.client.TestRestTemplateContextCustomizer@1e6e337b, org.springframework.boot.test.context.SpringBootTestArgs@c1ce4fb], contextLoader = 'org.springframework.boot.test.context.SpringBootContextLoader', parent = [null]], attributes = map[[empty]]]].
20:31:53.971 [Test worker] DEBUG org.springframework.test.context.support.TestPropertySourceUtils - Adding inlined properties to environment: {spring.jmx.enabled=false, org.springframework.boot.test.context.SpringBootTestContextBootstrapper=true}

  .   ____          _            __ _ _
 /\\ / ___'_ __ _ _(_)_ __  __ _ \ \ \ \
( ( )\___ | '_ | '_| | '_ \/ _` | \ \ \ \
 \\/  ___)| |_)| | | | | || (_| |  ) ) ) )
  '  |____| .__|_| |_|_| |_\__, | / / / /
 =========|_|==============|___/=/_/_/_/
 :: Spring Boot ::        (v2.3.4.RELEASE)

2020-10-27 20:31:54.369  INFO 11744 --- [    Test worker] o.a.f.lib.MoexISSHistoryLoaderTest       : Starting MoexISSHistoryLoaderTest on DESKTOP-SKGUED8 with PID 11744 (started by Dell in D:\projects\fall-analytics\lib)
2020-10-27 20:31:54.371  INFO 11744 --- [    Test worker] o.a.f.lib.MoexISSHistoryLoaderTest       : No active profile set, falling back to default profiles: default
2020-10-27 20:31:55.974  INFO 11744 --- [    Test worker] o.a.f.lib.MoexISSHistoryLoaderTest       : Started MoexISSHistoryLoaderTest in 1.999 seconds (JVM running for 4.422)
2020-10-27 20:31:56.649  INFO 11744 --- [er @coroutine#1] o.a.f.lib.MoexISSInfoProvider            : Start Loading TQBR Shares...

##### ABRD #####
2020-10-27 20:31:57.078  INFO 11744 --- [er @coroutine#1] o.a.f.lib.MoexISSHistorySaverImpl        : Start Actualize Ticker [abrd] 
2020-10-27 20:31:57.632  INFO 11744 --- [er @coroutine#1] o.a.f.lib.MoexISSHistorySaverImpl        : abrd table exists
2020-10-27 20:31:57.641  INFO 11744 --- [er @coroutine#1] com.zaxxer.hikari.HikariDataSource       : HikariPool-1 - Starting...
2020-10-27 20:31:57.772  INFO 11744 --- [er @coroutine#1] com.zaxxer.hikari.HikariDataSource       : HikariPool-1 - Start completed.
2020-10-27 20:31:57.875  INFO 11744 --- [er @coroutine#1] o.a.f.lib.MoexISSHistorySaverImpl        : Already loaded info: AlreadyLoadedInfo(tradeDate=2020-10-26, lastRowNum=1608)
2020-10-27 20:31:57.876  INFO 11744 --- [er @coroutine#1] o.a.f.lib.MoexISSHistoryLoader           : #reqDataForCheckLoaded: ticker=Ticker(value='abrd') | alreadyLoadedInfo=AlreadyLoadedInfo(tradeDate=2020-10-26, lastRowNum=1608)
2020-10-27 20:31:57.878  INFO 11744 --- [er @coroutine#1] o.a.f.lib.MoexISSHistoryLoader           : #loadRecords: ticker=Ticker(value='abrd') | recIdx=1607
2020-10-27 20:31:57.971  INFO 11744 --- [er @coroutine#1] o.a.f.lib.MoexISSHistoryLoader           :                 Start Load Pages
                ticker=Ticker(value='abrd')
                start=1608
                limit=100
2020-10-27 20:31:57.972  INFO 11744 --- [er @coroutine#1] o.a.f.lib.MoexISSHistoryLoader           : #loadPages: offset=1608

##### AFKS #####
2020-10-27 20:31:58.036  INFO 11744 --- [er @coroutine#1] o.a.f.lib.MoexISSHistorySaverImpl        : Start Actualize Ticker [afks] 
2020-10-27 20:31:58.162  INFO 11744 --- [er @coroutine#1] o.a.f.lib.MoexISSHistorySaverImpl        : afks table exists
2020-10-27 20:31:58.177  INFO 11744 --- [er @coroutine#1] o.a.f.lib.MoexISSHistorySaverImpl        : Already loaded info: AlreadyLoadedInfo(tradeDate=2020-10-26, lastRowNum=1608)
2020-10-27 20:31:58.178  INFO 11744 --- [er @coroutine#1] o.a.f.lib.MoexISSHistoryLoader           : #reqDataForCheckLoaded: ticker=Ticker(value='afks') | alreadyLoadedInfo=AlreadyLoadedInfo(tradeDate=2020-10-26, lastRowNum=1608)
2020-10-27 20:31:58.178  INFO 11744 --- [er @coroutine#1] o.a.f.lib.MoexISSHistoryLoader           : #loadRecords: ticker=Ticker(value='afks') | recIdx=1607
2020-10-27 20:31:58.227  INFO 11744 --- [er @coroutine#1] o.a.f.lib.MoexISSHistoryLoader           :                 Start Load Pages
                ticker=Ticker(value='afks')
                start=1608
                limit=100
2020-10-27 20:31:58.228  INFO 11744 --- [er @coroutine#1] o.a.f.lib.MoexISSHistoryLoader           : #loadPages: offset=1608

##### AFLT #####
2020-10-27 20:31:58.282  INFO 11744 --- [er @coroutine#1] o.a.f.lib.MoexISSHistorySaverImpl        : Start Actualize Ticker [aflt] 
2020-10-27 20:31:58.434  INFO 11744 --- [er @coroutine#1] o.a.f.lib.MoexISSHistorySaverImpl        : aflt table exists
2020-10-27 20:31:58.449  INFO 11744 --- [er @coroutine#1] o.a.f.lib.MoexISSHistorySaverImpl        : Already loaded info: AlreadyLoadedInfo(tradeDate=2020-10-26, lastRowNum=1756)
2020-10-27 20:31:58.449  INFO 11744 --- [er @coroutine#1] o.a.f.lib.MoexISSHistoryLoader           : #reqDataForCheckLoaded: ticker=Ticker(value='aflt') | alreadyLoadedInfo=AlreadyLoadedInfo(tradeDate=2020-10-26, lastRowNum=1756)
2020-10-27 20:31:58.450  INFO 11744 --- [er @coroutine#1] o.a.f.lib.MoexISSHistoryLoader           : #loadRecords: ticker=Ticker(value='aflt') | recIdx=1755
2020-10-27 20:31:58.520  INFO 11744 --- [er @coroutine#1] o.a.f.lib.MoexISSHistoryLoader           :                 Start Load Pages
                ticker=Ticker(value='aflt')
                start=1756
                limit=100
2020-10-27 20:31:58.520  INFO 11744 --- [er @coroutine#1] o.a.f.lib.MoexISSHistoryLoader           : #loadPages: offset=1756

##### AGRO #####
2020-10-27 20:31:58.584  INFO 11744 --- [er @coroutine#1] o.a.f.lib.MoexISSHistorySaverImpl        : Start Actualize Ticker [agro] 
2020-10-27 20:31:59.096  INFO 11744 --- [er @coroutine#1] o.a.f.lib.MoexISSHistorySaverImpl        : agro table exists
2020-10-27 20:31:59.116  INFO 11744 --- [er @coroutine#1] o.a.f.lib.MoexISSHistorySaverImpl        : Already loaded info: AlreadyLoadedInfo(tradeDate=2020-10-26, lastRowNum=1486)
2020-10-27 20:31:59.117  INFO 11744 --- [er @coroutine#1] o.a.f.lib.MoexISSHistoryLoader           : #reqDataForCheckLoaded: ticker=Ticker(value='agro') | alreadyLoadedInfo=AlreadyLoadedInfo(tradeDate=2020-10-26, lastRowNum=1486)
2020-10-27 20:31:59.117  INFO 11744 --- [er @coroutine#1] o.a.f.lib.MoexISSHistoryLoader           : #loadRecords: ticker=Ticker(value='agro') | recIdx=1485
2020-10-27 20:31:59.178  INFO 11744 --- [er @coroutine#1] o.a.f.lib.MoexISSHistoryLoader           :                 Start Load Pages
                ticker=Ticker(value='agro')
                start=1486
                limit=100
2020-10-27 20:31:59.179  INFO 11744 --- [er @coroutine#1] o.a.f.lib.MoexISSHistoryLoader           : #loadPages: offset=1486

##### AKRN #####
2020-10-27 20:31:59.233  INFO 11744 --- [er @coroutine#1] o.a.f.lib.MoexISSHistorySaverImpl        : Start Actualize Ticker [akrn] 
2020-10-27 20:31:59.539  INFO 11744 --- [er @coroutine#1] o.a.f.lib.MoexISSHistorySaverImpl        : akrn table exists
2020-10-27 20:31:59.589  INFO 11744 --- [er @coroutine#1] o.a.f.lib.MoexISSHistorySaverImpl        : Already loaded info: AlreadyLoadedInfo(tradeDate=2020-10-26, lastRowNum=1608)
2020-10-27 20:31:59.590  INFO 11744 --- [er @coroutine#1] o.a.f.lib.MoexISSHistoryLoader           : #reqDataForCheckLoaded: ticker=Ticker(value='akrn') | alreadyLoadedInfo=AlreadyLoadedInfo(tradeDate=2020-10-26, lastRowNum=1608)
2020-10-27 20:31:59.590  INFO 11744 --- [er @coroutine#1] o.a.f.lib.MoexISSHistoryLoader           : #loadRecords: ticker=Ticker(value='akrn') | recIdx=1607
2020-10-27 20:31:59.653  INFO 11744 --- [er @coroutine#1] o.a.f.lib.MoexISSHistoryLoader           :                 Start Load Pages
                ticker=Ticker(value='akrn')
                start=1608
                limit=100
2020-10-27 20:31:59.654  INFO 11744 --- [er @coroutine#1] o.a.f.lib.MoexISSHistoryLoader           : #loadPages: offset=1608

##### ALBK #####
2020-10-27 20:31:59.716  INFO 11744 --- [er @coroutine#1] o.a.f.lib.MoexISSHistorySaverImpl        : Start Actualize Ticker [albk] 
2020-10-27 20:31:59.876  INFO 11744 --- [er @coroutine#1] o.a.f.lib.MoexISSHistorySaverImpl        : albk table exists
2020-10-27 20:31:59.897  INFO 11744 --- [er @coroutine#1] o.a.f.lib.MoexISSHistorySaverImpl        : Already loaded info: AlreadyLoadedInfo(tradeDate=2020-10-26, lastRowNum=1608)
2020-10-27 20:31:59.898  INFO 11744 --- [er @coroutine#1] o.a.f.lib.MoexISSHistoryLoader           : #reqDataForCheckLoaded: ticker=Ticker(value='albk') | alreadyLoadedInfo=AlreadyLoadedInfo(tradeDate=2020-10-26, lastRowNum=1608)
2020-10-27 20:31:59.898  INFO 11744 --- [er @coroutine#1] o.a.f.lib.MoexISSHistoryLoader           : #loadRecords: ticker=Ticker(value='albk') | recIdx=1607
2020-10-27 20:31:59.959  INFO 11744 --- [er @coroutine#1] o.a.f.lib.MoexISSHistoryLoader           :                 Start Load Pages
                ticker=Ticker(value='albk')
                start=1608
                limit=100
2020-10-27 20:31:59.959  INFO 11744 --- [er @coroutine#1] o.a.f.lib.MoexISSHistoryLoader           : #loadPages: offset=1608

##### ALNU #####
2020-10-27 20:32:00.020  INFO 11744 --- [er @coroutine#1] o.a.f.lib.MoexISSHistorySaverImpl        : Start Actualize Ticker [alnu] 
2020-10-27 20:32:00.196  INFO 11744 --- [er @coroutine#1] o.a.f.lib.MoexISSHistorySaverImpl        : alnu table exists
2020-10-27 20:32:00.209  INFO 11744 --- [er @coroutine#1] o.a.f.lib.MoexISSHistorySaverImpl        : Already loaded info: AlreadyLoadedInfo(tradeDate=2020-10-26, lastRowNum=1608)
2020-10-27 20:32:00.209  INFO 11744 --- [er @coroutine#1] o.a.f.lib.MoexISSHistoryLoader           : #reqDataForCheckLoaded: ticker=Ticker(value='alnu') | alreadyLoadedInfo=AlreadyLoadedInfo(tradeDate=2020-10-26, lastRowNum=1608)
2020-10-27 20:32:00.209  INFO 11744 --- [er @coroutine#1] o.a.f.lib.MoexISSHistoryLoader           : #loadRecords: ticker=Ticker(value='alnu') | recIdx=1607
2020-10-27 20:32:00.262  INFO 11744 --- [er @coroutine#1] o.a.f.lib.MoexISSHistoryLoader           :                 Start Load Pages
                ticker=Ticker(value='alnu')
                start=1608
                limit=100
2020-10-27 20:32:00.263  INFO 11744 --- [er @coroutine#1] o.a.f.lib.MoexISSHistoryLoader           : #loadPages: offset=1608

##### ALRS #####
2020-10-27 20:32:00.310  INFO 11744 --- [er @coroutine#1] o.a.f.lib.MoexISSHistorySaverImpl        : Start Actualize Ticker [alrs] 
2020-10-27 20:32:00.439  INFO 11744 --- [er @coroutine#1] o.a.f.lib.MoexISSHistorySaverImpl        : alrs table exists
2020-10-27 20:32:00.451  INFO 11744 --- [er @coroutine#1] o.a.f.lib.MoexISSHistorySaverImpl        : Already loaded info: AlreadyLoadedInfo(tradeDate=2020-10-26, lastRowNum=1839)
2020-10-27 20:32:00.451  INFO 11744 --- [er @coroutine#1] o.a.f.lib.MoexISSHistoryLoader           : #reqDataForCheckLoaded: ticker=Ticker(value='alrs') | alreadyLoadedInfo=AlreadyLoadedInfo(tradeDate=2020-10-26, lastRowNum=1839)
2020-10-27 20:32:00.451  INFO 11744 --- [er @coroutine#1] o.a.f.lib.MoexISSHistoryLoader           : #loadRecords: ticker=Ticker(value='alrs') | recIdx=1838
2020-10-27 20:32:00.507  INFO 11744 --- [er @coroutine#1] o.a.f.lib.MoexISSHistoryLoader           :                 Start Load Pages
                ticker=Ticker(value='alrs')
                start=1839
                limit=100
2020-10-27 20:32:00.508  INFO 11744 --- [er @coroutine#1] o.a.f.lib.MoexISSHistoryLoader           : #loadPages: offset=1839

##### AMEZ #####
2020-10-27 20:32:00.582  INFO 11744 --- [er @coroutine#1] o.a.f.lib.MoexISSHistorySaverImpl        : Start Actualize Ticker [amez] 
2020-10-27 20:32:00.683  INFO 11744 --- [er @coroutine#1] o.a.f.lib.MoexISSHistorySaverImpl        : amez table exists
2020-10-27 20:32:00.693  INFO 11744 --- [er @coroutine#1] o.a.f.lib.MoexISSHistorySaverImpl        : Already loaded info: AlreadyLoadedInfo(tradeDate=2020-10-26, lastRowNum=1608)
2020-10-27 20:32:00.694  INFO 11744 --- [er @coroutine#1] o.a.f.lib.MoexISSHistoryLoader           : #reqDataForCheckLoaded: ticker=Ticker(value='amez') | alreadyLoadedInfo=AlreadyLoadedInfo(tradeDate=2020-10-26, lastRowNum=1608)
2020-10-27 20:32:00.694  INFO 11744 --- [er @coroutine#1] o.a.f.lib.MoexISSHistoryLoader           : #loadRecords: ticker=Ticker(value='amez') | recIdx=1607
2020-10-27 20:32:00.747  INFO 11744 --- [er @coroutine#1] o.a.f.lib.MoexISSHistoryLoader           :                 Start Load Pages
                ticker=Ticker(value='amez')
                start=1608
                limit=100
2020-10-27 20:32:00.747  INFO 11744 --- [er @coroutine#1] o.a.f.lib.MoexISSHistoryLoader           : #loadPages: offset=1608

##### APTK #####
2020-10-27 20:32:00.792  INFO 11744 --- [er @coroutine#1] o.a.f.lib.MoexISSHistorySaverImpl        : Start Actualize Ticker [aptk] 
2020-10-27 20:32:00.907  INFO 11744 --- [er @coroutine#1] o.a.f.lib.MoexISSHistorySaverImpl        : aptk table exists
2020-10-27 20:32:00.919  INFO 11744 --- [er @coroutine#1] o.a.f.lib.MoexISSHistorySaverImpl        : Already loaded info: AlreadyLoadedInfo(tradeDate=2020-10-26, lastRowNum=1608)
2020-10-27 20:32:00.919  INFO 11744 --- [er @coroutine#1] o.a.f.lib.MoexISSHistoryLoader           : #reqDataForCheckLoaded: ticker=Ticker(value='aptk') | alreadyLoadedInfo=AlreadyLoadedInfo(tradeDate=2020-10-26, lastRowNum=1608)
2020-10-27 20:32:00.919  INFO 11744 --- [er @coroutine#1] o.a.f.lib.MoexISSHistoryLoader           : #loadRecords: ticker=Ticker(value='aptk') | recIdx=1607
2020-10-27 20:32:00.983  INFO 11744 --- [er @coroutine#1] o.a.f.lib.MoexISSHistoryLoader           :                 Start Load Pages
                ticker=Ticker(value='aptk')
                start=1608
                limit=100
2020-10-27 20:32:00.984  INFO 11744 --- [er @coroutine#1] o.a.f.lib.MoexISSHistoryLoader           : #loadPages: offset=1608

##### AQUA #####
2020-10-27 20:32:01.047  INFO 11744 --- [er @coroutine#1] o.a.f.lib.MoexISSHistorySaverImpl        : Start Actualize Ticker [aqua] 
2020-10-27 20:32:01.292  INFO 11744 --- [er @coroutine#1] o.a.f.lib.MoexISSHistorySaverImpl        : aqua table exists
2020-10-27 20:32:01.304  INFO 11744 --- [er @coroutine#1] o.a.f.lib.MoexISSHistorySaverImpl        : Already loaded info: AlreadyLoadedInfo(tradeDate=2020-10-26, lastRowNum=1358)
2020-10-27 20:32:01.304  INFO 11744 --- [er @coroutine#1] o.a.f.lib.MoexISSHistoryLoader           : #reqDataForCheckLoaded: ticker=Ticker(value='aqua') | alreadyLoadedInfo=AlreadyLoadedInfo(tradeDate=2020-10-26, lastRowNum=1358)
2020-10-27 20:32:01.304  INFO 11744 --- [er @coroutine#1] o.a.f.lib.MoexISSHistoryLoader           : #loadRecords: ticker=Ticker(value='aqua') | recIdx=1357
2020-10-27 20:32:01.354  INFO 11744 --- [er @coroutine#1] o.a.f.lib.MoexISSHistoryLoader           :                 Start Load Pages
                ticker=Ticker(value='aqua')
                start=1358
                limit=100
2020-10-27 20:32:01.355  INFO 11744 --- [er @coroutine#1] o.a.f.lib.MoexISSHistoryLoader           : #loadPages: offset=1358

##### ARSA #####
2020-10-27 20:32:01.403  INFO 11744 --- [er @coroutine#1] o.a.f.lib.MoexISSHistorySaverImpl        : Start Actualize Ticker [arsa] 
2020-10-27 20:32:01.519  INFO 11744 --- [er @coroutine#1] o.a.f.lib.MoexISSHistorySaverImpl        : arsa table exists
2020-10-27 20:32:01.529  INFO 11744 --- [er @coroutine#1] o.a.f.lib.MoexISSHistorySaverImpl        : Already loaded info: AlreadyLoadedInfo(tradeDate=2020-10-26, lastRowNum=1608)
2020-10-27 20:32:01.529  INFO 11744 --- [er @coroutine#1] o.a.f.lib.MoexISSHistoryLoader           : #reqDataForCheckLoaded: ticker=Ticker(value='arsa') | alreadyLoadedInfo=AlreadyLoadedInfo(tradeDate=2020-10-26, lastRowNum=1608)
2020-10-27 20:32:01.529  INFO 11744 --- [er @coroutine#1] o.a.f.lib.MoexISSHistoryLoader           : #loadRecords: ticker=Ticker(value='arsa') | recIdx=1607
2020-10-27 20:32:01.580  INFO 11744 --- [er @coroutine#1] o.a.f.lib.MoexISSHistoryLoader           :                 Start Load Pages
                ticker=Ticker(value='arsa')
                start=1608
                limit=100
2020-10-27 20:32:01.580  INFO 11744 --- [er @coroutine#1] o.a.f.lib.MoexISSHistoryLoader           : #loadPages: offset=1608

##### ASSB #####
2020-10-27 20:32:01.628  INFO 11744 --- [er @coroutine#1] o.a.f.lib.MoexISSHistorySaverImpl        : Start Actualize Ticker [assb] 
2020-10-27 20:32:01.733  INFO 11744 --- [er @coroutine#1] o.a.f.lib.MoexISSHistorySaverImpl        : assb table exists
2020-10-27 20:32:01.748  INFO 11744 --- [er @coroutine#1] o.a.f.lib.MoexISSHistorySaverImpl        : Already loaded info: AlreadyLoadedInfo(tradeDate=2020-10-26, lastRowNum=1608)
2020-10-27 20:32:01.749  INFO 11744 --- [er @coroutine#1] o.a.f.lib.MoexISSHistoryLoader           : #reqDataForCheckLoaded: ticker=Ticker(value='assb') | alreadyLoadedInfo=AlreadyLoadedInfo(tradeDate=2020-10-26, lastRowNum=1608)
2020-10-27 20:32:01.749  INFO 11744 --- [er @coroutine#1] o.a.f.lib.MoexISSHistoryLoader           : #loadRecords: ticker=Ticker(value='assb') | recIdx=1607
2020-10-27 20:32:01.795  INFO 11744 --- [er @coroutine#1] o.a.f.lib.MoexISSHistoryLoader           :                 Start Load Pages
                ticker=Ticker(value='assb')
                start=1608
                limit=100
2020-10-27 20:32:01.795  INFO 11744 --- [er @coroutine#1] o.a.f.lib.MoexISSHistoryLoader           : #loadPages: offset=1608

##### AVAN #####
2020-10-27 20:32:01.843  INFO 11744 --- [er @coroutine#1] o.a.f.lib.MoexISSHistorySaverImpl        : Start Actualize Ticker [avan] 
2020-10-27 20:32:01.957  INFO 11744 --- [er @coroutine#1] o.a.f.lib.MoexISSHistorySaverImpl        : avan table exists
2020-10-27 20:32:01.969  INFO 11744 --- [er @coroutine#1] o.a.f.lib.MoexISSHistorySaverImpl        : Already loaded info: AlreadyLoadedInfo(tradeDate=2020-10-26, lastRowNum=1608)
2020-10-27 20:32:01.969  INFO 11744 --- [er @coroutine#1] o.a.f.lib.MoexISSHistoryLoader           : #reqDataForCheckLoaded: ticker=Ticker(value='avan') | alreadyLoadedInfo=AlreadyLoadedInfo(tradeDate=2020-10-26, lastRowNum=1608)
2020-10-27 20:32:01.969  INFO 11744 --- [er @coroutine#1] o.a.f.lib.MoexISSHistoryLoader           : #loadRecords: ticker=Ticker(value='avan') | recIdx=1607
2020-10-27 20:32:02.017  INFO 11744 --- [er @coroutine#1] o.a.f.lib.MoexISSHistoryLoader           :                 Start Load Pages
                ticker=Ticker(value='avan')
                start=1608
                limit=100
2020-10-27 20:32:02.017  INFO 11744 --- [er @coroutine#1] o.a.f.lib.MoexISSHistoryLoader           : #loadPages: offset=1608

##### BANE #####
2020-10-27 20:32:02.066  INFO 11744 --- [er @coroutine#1] o.a.f.lib.MoexISSHistorySaverImpl        : Start Actualize Ticker [bane] 
2020-10-27 20:32:02.289  INFO 11744 --- [er @coroutine#1] o.a.f.lib.MoexISSHistorySaverImpl        : bane table exists
2020-10-27 20:32:02.302  INFO 11744 --- [er @coroutine#1] o.a.f.lib.MoexISSHistorySaverImpl        : Already loaded info: AlreadyLoadedInfo(tradeDate=2020-10-26, lastRowNum=1608)
2020-10-27 20:32:02.302  INFO 11744 --- [er @coroutine#1] o.a.f.lib.MoexISSHistoryLoader           : #reqDataForCheckLoaded: ticker=Ticker(value='bane') | alreadyLoadedInfo=AlreadyLoadedInfo(tradeDate=2020-10-26, lastRowNum=1608)
2020-10-27 20:32:02.302  INFO 11744 --- [er @coroutine#1] o.a.f.lib.MoexISSHistoryLoader           : #loadRecords: ticker=Ticker(value='bane') | recIdx=1607
2020-10-27 20:32:02.356  INFO 11744 --- [er @coroutine#1] o.a.f.lib.MoexISSHistoryLoader           :                 Start Load Pages
                ticker=Ticker(value='bane')
                start=1608
                limit=100
2020-10-27 20:32:02.357  INFO 11744 --- [er @coroutine#1] o.a.f.lib.MoexISSHistoryLoader           : #loadPages: offset=1608

##### BANEP #####
2020-10-27 20:32:02.411  INFO 11744 --- [er @coroutine#1] o.a.f.lib.MoexISSHistorySaverImpl        : Start Actualize Ticker [banep] 
2020-10-27 20:32:02.525  INFO 11744 --- [er @coroutine#1] o.a.f.lib.MoexISSHistorySaverImpl        : banep table exists
2020-10-27 20:32:02.538  INFO 11744 --- [er @coroutine#1] o.a.f.lib.MoexISSHistorySaverImpl        : Already loaded info: AlreadyLoadedInfo(tradeDate=2020-10-26, lastRowNum=1608)
2020-10-27 20:32:02.539  INFO 11744 --- [er @coroutine#1] o.a.f.lib.MoexISSHistoryLoader           : #reqDataForCheckLoaded: ticker=Ticker(value='banep') | alreadyLoadedInfo=AlreadyLoadedInfo(tradeDate=2020-10-26, lastRowNum=1608)
2020-10-27 20:32:02.539  INFO 11744 --- [er @coroutine#1] o.a.f.lib.MoexISSHistoryLoader           : #loadRecords: ticker=Ticker(value='banep') | recIdx=1607
2020-10-27 20:32:02.593  INFO 11744 --- [er @coroutine#1] o.a.f.lib.MoexISSHistoryLoader           :                 Start Load Pages
                ticker=Ticker(value='banep')
                start=1608
                limit=100
2020-10-27 20:32:02.593  INFO 11744 --- [er @coroutine#1] o.a.f.lib.MoexISSHistoryLoader           : #loadPages: offset=1608

##### BELU #####
2020-10-27 20:32:02.641  INFO 11744 --- [er @coroutine#1] o.a.f.lib.MoexISSHistorySaverImpl        : Start Actualize Ticker [belu] 
2020-10-27 20:32:02.742  INFO 11744 --- [er @coroutine#1] o.a.f.lib.MoexISSHistorySaverImpl        : belu table exists
2020-10-27 20:32:02.755  INFO 11744 --- [er @coroutine#1] o.a.f.lib.MoexISSHistorySaverImpl        : Already loaded info: AlreadyLoadedInfo(tradeDate=2020-10-26, lastRowNum=818)
2020-10-27 20:32:02.755  INFO 11744 --- [er @coroutine#1] o.a.f.lib.MoexISSHistoryLoader           : #reqDataForCheckLoaded: ticker=Ticker(value='belu') | alreadyLoadedInfo=AlreadyLoadedInfo(tradeDate=2020-10-26, lastRowNum=818)
2020-10-27 20:32:02.755  INFO 11744 --- [er @coroutine#1] o.a.f.lib.MoexISSHistoryLoader           : #loadRecords: ticker=Ticker(value='belu') | recIdx=817
2020-10-27 20:32:02.799  INFO 11744 --- [er @coroutine#1] o.a.f.lib.MoexISSHistoryLoader           :                 Start Load Pages
                ticker=Ticker(value='belu')
                start=818
                limit=100
2020-10-27 20:32:02.799  INFO 11744 --- [er @coroutine#1] o.a.f.lib.MoexISSHistoryLoader           : #loadPages: offset=818

##### BISV #####
2020-10-27 20:32:02.844  INFO 11744 --- [er @coroutine#1] o.a.f.lib.MoexISSHistorySaverImpl        : Start Actualize Ticker [bisv] 
2020-10-27 20:32:02.958  INFO 11744 --- [er @coroutine#1] o.a.f.lib.MoexISSHistorySaverImpl        : bisv table exists
2020-10-27 20:32:02.970  INFO 11744 --- [er @coroutine#1] o.a.f.lib.MoexISSHistorySaverImpl        : Already loaded info: AlreadyLoadedInfo(tradeDate=2020-10-26, lastRowNum=1608)
2020-10-27 20:32:02.970  INFO 11744 --- [er @coroutine#1] o.a.f.lib.MoexISSHistoryLoader           : #reqDataForCheckLoaded: ticker=Ticker(value='bisv') | alreadyLoadedInfo=AlreadyLoadedInfo(tradeDate=2020-10-26, lastRowNum=1608)
2020-10-27 20:32:02.970  INFO 11744 --- [er @coroutine#1] o.a.f.lib.MoexISSHistoryLoader           : #loadRecords: ticker=Ticker(value='bisv') | recIdx=1607
2020-10-27 20:32:03.033  INFO 11744 --- [er @coroutine#1] o.a.f.lib.MoexISSHistoryLoader           :                 Start Load Pages
                ticker=Ticker(value='bisv')
                start=1608
                limit=100
2020-10-27 20:32:03.033  INFO 11744 --- [er @coroutine#1] o.a.f.lib.MoexISSHistoryLoader           : #loadPages: offset=1608

##### BISVP #####
2020-10-27 20:32:03.084  INFO 11744 --- [er @coroutine#1] o.a.f.lib.MoexISSHistorySaverImpl        : Start Actualize Ticker [bisvp] 
2020-10-27 20:32:03.199  INFO 11744 --- [er @coroutine#1] o.a.f.lib.MoexISSHistorySaverImpl        : bisvp table exists
2020-10-27 20:32:03.213  INFO 11744 --- [er @coroutine#1] o.a.f.lib.MoexISSHistorySaverImpl        : Already loaded info: AlreadyLoadedInfo(tradeDate=2020-10-26, lastRowNum=1608)
2020-10-27 20:32:03.214  INFO 11744 --- [er @coroutine#1] o.a.f.lib.MoexISSHistoryLoader           : #reqDataForCheckLoaded: ticker=Ticker(value='bisvp') | alreadyLoadedInfo=AlreadyLoadedInfo(tradeDate=2020-10-26, lastRowNum=1608)
2020-10-27 20:32:03.214  INFO 11744 --- [er @coroutine#1] o.a.f.lib.MoexISSHistoryLoader           : #loadRecords: ticker=Ticker(value='bisvp') | recIdx=1607
2020-10-27 20:32:03.267  INFO 11744 --- [er @coroutine#1] o.a.f.lib.MoexISSHistoryLoader           :                 Start Load Pages
                ticker=Ticker(value='bisvp')
                start=1608
                limit=100
2020-10-27 20:32:03.267  INFO 11744 --- [er @coroutine#1] o.a.f.lib.MoexISSHistoryLoader           : #loadPages: offset=1608

##### BLNG #####
2020-10-27 20:32:03.324  INFO 11744 --- [er @coroutine#1] o.a.f.lib.MoexISSHistorySaverImpl        : Start Actualize Ticker [blng] 
2020-10-27 20:32:03.445  INFO 11744 --- [er @coroutine#1] o.a.f.lib.MoexISSHistorySaverImpl        : blng table exists
2020-10-27 20:32:03.458  INFO 11744 --- [er @coroutine#1] o.a.f.lib.MoexISSHistorySaverImpl        : Already loaded info: AlreadyLoadedInfo(tradeDate=2020-10-26, lastRowNum=1608)
2020-10-27 20:32:03.458  INFO 11744 --- [er @coroutine#1] o.a.f.lib.MoexISSHistoryLoader           : #reqDataForCheckLoaded: ticker=Ticker(value='blng') | alreadyLoadedInfo=AlreadyLoadedInfo(tradeDate=2020-10-26, lastRowNum=1608)
2020-10-27 20:32:03.458  INFO 11744 --- [er @coroutine#1] o.a.f.lib.MoexISSHistoryLoader           : #loadRecords: ticker=Ticker(value='blng') | recIdx=1607
2020-10-27 20:32:03.506  INFO 11744 --- [er @coroutine#1] o.a.f.lib.MoexISSHistoryLoader           :                 Start Load Pages
                ticker=Ticker(value='blng')
                start=1608
                limit=100
2020-10-27 20:32:03.506  INFO 11744 --- [er @coroutine#1] o.a.f.lib.MoexISSHistoryLoader           : #loadPages: offset=1608

##### BRZL #####
2020-10-27 20:32:04.109  INFO 11744 --- [er @coroutine#1] o.a.f.lib.MoexISSHistorySaverImpl        : Start Actualize Ticker [brzl] 
2020-10-27 20:32:04.218  INFO 11744 --- [er @coroutine#1] o.a.f.lib.MoexISSHistorySaverImpl        : brzl table exists
2020-10-27 20:32:04.232  INFO 11744 --- [er @coroutine#1] o.a.f.lib.MoexISSHistorySaverImpl        : Already loaded info: AlreadyLoadedInfo(tradeDate=2020-10-26, lastRowNum=1608)
2020-10-27 20:32:04.233  INFO 11744 --- [er @coroutine#1] o.a.f.lib.MoexISSHistoryLoader           : #reqDataForCheckLoaded: ticker=Ticker(value='brzl') | alreadyLoadedInfo=AlreadyLoadedInfo(tradeDate=2020-10-26, lastRowNum=1608)
2020-10-27 20:32:04.233  INFO 11744 --- [er @coroutine#1] o.a.f.lib.MoexISSHistoryLoader           : #loadRecords: ticker=Ticker(value='brzl') | recIdx=1607
2020-10-27 20:32:04.285  INFO 11744 --- [er @coroutine#1] o.a.f.lib.MoexISSHistoryLoader           :                 Start Load Pages
                ticker=Ticker(value='brzl')
                start=1608
                limit=100
2020-10-27 20:32:04.285  INFO 11744 --- [er @coroutine#1] o.a.f.lib.MoexISSHistoryLoader           : #loadPages: offset=1608

##### BSPB #####
2020-10-27 20:32:04.335  INFO 11744 --- [er @coroutine#1] o.a.f.lib.MoexISSHistorySaverImpl        : Start Actualize Ticker [bspb] 
2020-10-27 20:32:04.549  INFO 11744 --- [er @coroutine#1] o.a.f.lib.MoexISSHistorySaverImpl        : bspb table exists
2020-10-27 20:32:04.563  INFO 11744 --- [er @coroutine#1] o.a.f.lib.MoexISSHistorySaverImpl        : Already loaded info: AlreadyLoadedInfo(tradeDate=2020-10-26, lastRowNum=1608)
2020-10-27 20:32:04.563  INFO 11744 --- [er @coroutine#1] o.a.f.lib.MoexISSHistoryLoader           : #reqDataForCheckLoaded: ticker=Ticker(value='bspb') | alreadyLoadedInfo=AlreadyLoadedInfo(tradeDate=2020-10-26, lastRowNum=1608)
2020-10-27 20:32:04.563  INFO 11744 --- [er @coroutine#1] o.a.f.lib.MoexISSHistoryLoader           : #loadRecords: ticker=Ticker(value='bspb') | recIdx=1607
2020-10-27 20:32:04.609  INFO 11744 --- [er @coroutine#1] o.a.f.lib.MoexISSHistoryLoader           :                 Start Load Pages
                ticker=Ticker(value='bspb')
                start=1608
                limit=100
2020-10-27 20:32:04.609  INFO 11744 --- [er @coroutine#1] o.a.f.lib.MoexISSHistoryLoader           : #loadPages: offset=1608

##### CBOM #####
2020-10-27 20:32:04.658  INFO 11744 --- [er @coroutine#1] o.a.f.lib.MoexISSHistorySaverImpl        : Start Actualize Ticker [cbom] 
2020-10-27 20:32:04.770  INFO 11744 --- [er @coroutine#1] o.a.f.lib.MoexISSHistorySaverImpl        : cbom table exists
2020-10-27 20:32:04.782  INFO 11744 --- [er @coroutine#1] o.a.f.lib.MoexISSHistorySaverImpl        : Already loaded info: AlreadyLoadedInfo(tradeDate=2020-10-26, lastRowNum=1351)
2020-10-27 20:32:04.783  INFO 11744 --- [er @coroutine#1] o.a.f.lib.MoexISSHistoryLoader           : #reqDataForCheckLoaded: ticker=Ticker(value='cbom') | alreadyLoadedInfo=AlreadyLoadedInfo(tradeDate=2020-10-26, lastRowNum=1351)
2020-10-27 20:32:04.783  INFO 11744 --- [er @coroutine#1] o.a.f.lib.MoexISSHistoryLoader           : #loadRecords: ticker=Ticker(value='cbom') | recIdx=1350
2020-10-27 20:32:04.828  INFO 11744 --- [er @coroutine#1] o.a.f.lib.MoexISSHistoryLoader           :                 Start Load Pages
                ticker=Ticker(value='cbom')
                start=1351
                limit=100
2020-10-27 20:32:04.828  INFO 11744 --- [er @coroutine#1] o.a.f.lib.MoexISSHistoryLoader           : #loadPages: offset=1351

##### CHEP #####
2020-10-27 20:32:04.872  INFO 11744 --- [er @coroutine#1] o.a.f.lib.MoexISSHistorySaverImpl        : Start Actualize Ticker [chep] 
2020-10-27 20:32:04.984  INFO 11744 --- [er @coroutine#1] o.a.f.lib.MoexISSHistorySaverImpl        : chep table exists
2020-10-27 20:32:04.997  INFO 11744 --- [er @coroutine#1] o.a.f.lib.MoexISSHistorySaverImpl        : Already loaded info: AlreadyLoadedInfo(tradeDate=2020-10-26, lastRowNum=1608)
2020-10-27 20:32:04.998  INFO 11744 --- [er @coroutine#1] o.a.f.lib.MoexISSHistoryLoader           : #reqDataForCheckLoaded: ticker=Ticker(value='chep') | alreadyLoadedInfo=AlreadyLoadedInfo(tradeDate=2020-10-26, lastRowNum=1608)
2020-10-27 20:32:04.998  INFO 11744 --- [er @coroutine#1] o.a.f.lib.MoexISSHistoryLoader           : #loadRecords: ticker=Ticker(value='chep') | recIdx=1607
2020-10-27 20:32:05.044  INFO 11744 --- [er @coroutine#1] o.a.f.lib.MoexISSHistoryLoader           :                 Start Load Pages
                ticker=Ticker(value='chep')
                start=1608
                limit=100
2020-10-27 20:32:05.044  INFO 11744 --- [er @coroutine#1] o.a.f.lib.MoexISSHistoryLoader           : #loadPages: offset=1608

##### CHGZ #####
2020-10-27 20:32:05.094  INFO 11744 --- [er @coroutine#1] o.a.f.lib.MoexISSHistorySaverImpl        : Start Actualize Ticker [chgz] 
2020-10-27 20:32:05.305  INFO 11744 --- [er @coroutine#1] o.a.f.lib.MoexISSHistorySaverImpl        : chgz table exists
2020-10-27 20:32:05.320  INFO 11744 --- [er @coroutine#1] o.a.f.lib.MoexISSHistorySaverImpl        : Already loaded info: AlreadyLoadedInfo(tradeDate=2020-10-26, lastRowNum=1608)
2020-10-27 20:32:05.320  INFO 11744 --- [er @coroutine#1] o.a.f.lib.MoexISSHistoryLoader           : #reqDataForCheckLoaded: ticker=Ticker(value='chgz') | alreadyLoadedInfo=AlreadyLoadedInfo(tradeDate=2020-10-26, lastRowNum=1608)
2020-10-27 20:32:05.320  INFO 11744 --- [er @coroutine#1] o.a.f.lib.MoexISSHistoryLoader           : #loadRecords: ticker=Ticker(value='chgz') | recIdx=1607
2020-10-27 20:32:05.368  INFO 11744 --- [er @coroutine#1] o.a.f.lib.MoexISSHistoryLoader           :                 Start Load Pages
                ticker=Ticker(value='chgz')
                start=1608
                limit=100
2020-10-27 20:32:05.368  INFO 11744 --- [er @coroutine#1] o.a.f.lib.MoexISSHistoryLoader           : #loadPages: offset=1608

##### CHKZ #####
2020-10-27 20:32:05.423  INFO 11744 --- [er @coroutine#1] o.a.f.lib.MoexISSHistorySaverImpl        : Start Actualize Ticker [chkz] 
2020-10-27 20:32:05.537  INFO 11744 --- [er @coroutine#1] o.a.f.lib.MoexISSHistorySaverImpl        : chkz table exists
2020-10-27 20:32:05.549  INFO 11744 --- [er @coroutine#1] o.a.f.lib.MoexISSHistorySaverImpl        : Already loaded info: AlreadyLoadedInfo(tradeDate=2020-10-26, lastRowNum=1608)
2020-10-27 20:32:05.549  INFO 11744 --- [er @coroutine#1] o.a.f.lib.MoexISSHistoryLoader           : #reqDataForCheckLoaded: ticker=Ticker(value='chkz') | alreadyLoadedInfo=AlreadyLoadedInfo(tradeDate=2020-10-26, lastRowNum=1608)
2020-10-27 20:32:05.549  INFO 11744 --- [er @coroutine#1] o.a.f.lib.MoexISSHistoryLoader           : #loadRecords: ticker=Ticker(value='chkz') | recIdx=1607
2020-10-27 20:32:05.599  INFO 11744 --- [er @coroutine#1] o.a.f.lib.MoexISSHistoryLoader           :                 Start Load Pages
                ticker=Ticker(value='chkz')
                start=1608
                limit=100
2020-10-27 20:32:05.599  INFO 11744 --- [er @coroutine#1] o.a.f.lib.MoexISSHistoryLoader           : #loadPages: offset=1608

##### CHMF #####
2020-10-27 20:32:05.654  INFO 11744 --- [er @coroutine#1] o.a.f.lib.MoexISSHistorySaverImpl        : Start Actualize Ticker [chmf] 
2020-10-27 20:32:05.761  INFO 11744 --- [er @coroutine#1] o.a.f.lib.MoexISSHistorySaverImpl        : chmf table exists
2020-10-27 20:32:05.774  INFO 11744 --- [er @coroutine#1] o.a.f.lib.MoexISSHistorySaverImpl        : Already loaded info: AlreadyLoadedInfo(tradeDate=2020-10-26, lastRowNum=1608)
2020-10-27 20:32:05.775  INFO 11744 --- [er @coroutine#1] o.a.f.lib.MoexISSHistoryLoader           : #reqDataForCheckLoaded: ticker=Ticker(value='chmf') | alreadyLoadedInfo=AlreadyLoadedInfo(tradeDate=2020-10-26, lastRowNum=1608)
2020-10-27 20:32:05.775  INFO 11744 --- [er @coroutine#1] o.a.f.lib.MoexISSHistoryLoader           : #loadRecords: ticker=Ticker(value='chmf') | recIdx=1607
2020-10-27 20:32:05.864  INFO 11744 --- [er @coroutine#1] o.a.f.lib.MoexISSHistoryLoader           :                 Start Load Pages
                ticker=Ticker(value='chmf')
                start=1608
                limit=100
2020-10-27 20:32:05.864  INFO 11744 --- [er @coroutine#1] o.a.f.lib.MoexISSHistoryLoader           : #loadPages: offset=1608

##### CHMK #####
2020-10-27 20:32:05.916  INFO 11744 --- [er @coroutine#1] o.a.f.lib.MoexISSHistorySaverImpl        : Start Actualize Ticker [chmk] 
2020-10-27 20:32:06.022  INFO 11744 --- [er @coroutine#1] o.a.f.lib.MoexISSHistorySaverImpl        : chmk table exists
2020-10-27 20:32:06.037  INFO 11744 --- [er @coroutine#1] o.a.f.lib.MoexISSHistorySaverImpl        : Already loaded info: AlreadyLoadedInfo(tradeDate=2020-10-26, lastRowNum=1608)
2020-10-27 20:32:06.037  INFO 11744 --- [er @coroutine#1] o.a.f.lib.MoexISSHistoryLoader           : #reqDataForCheckLoaded: ticker=Ticker(value='chmk') | alreadyLoadedInfo=AlreadyLoadedInfo(tradeDate=2020-10-26, lastRowNum=1608)
2020-10-27 20:32:06.037  INFO 11744 --- [er @coroutine#1] o.a.f.lib.MoexISSHistoryLoader           : #loadRecords: ticker=Ticker(value='chmk') | recIdx=1607
2020-10-27 20:32:06.089  INFO 11744 --- [er @coroutine#1] o.a.f.lib.MoexISSHistoryLoader           :                 Start Load Pages
                ticker=Ticker(value='chmk')
                start=1608
                limit=100
2020-10-27 20:32:06.089  INFO 11744 --- [er @coroutine#1] o.a.f.lib.MoexISSHistoryLoader           : #loadPages: offset=1608

##### CNTL #####
2020-10-27 20:32:06.140  INFO 11744 --- [er @coroutine#1] o.a.f.lib.MoexISSHistorySaverImpl        : Start Actualize Ticker [cntl] 
2020-10-27 20:32:06.248  INFO 11744 --- [er @coroutine#1] o.a.f.lib.MoexISSHistorySaverImpl        : cntl table exists
2020-10-27 20:32:06.261  INFO 11744 --- [er @coroutine#1] o.a.f.lib.MoexISSHistorySaverImpl        : Already loaded info: AlreadyLoadedInfo(tradeDate=2020-10-26, lastRowNum=1608)
2020-10-27 20:32:06.261  INFO 11744 --- [er @coroutine#1] o.a.f.lib.MoexISSHistoryLoader           : #reqDataForCheckLoaded: ticker=Ticker(value='cntl') | alreadyLoadedInfo=AlreadyLoadedInfo(tradeDate=2020-10-26, lastRowNum=1608)
2020-10-27 20:32:06.261  INFO 11744 --- [er @coroutine#1] o.a.f.lib.MoexISSHistoryLoader           : #loadRecords: ticker=Ticker(value='cntl') | recIdx=1607
2020-10-27 20:32:06.307  INFO 11744 --- [er @coroutine#1] o.a.f.lib.MoexISSHistoryLoader           :                 Start Load Pages
                ticker=Ticker(value='cntl')
                start=1608
                limit=100
2020-10-27 20:32:06.307  INFO 11744 --- [er @coroutine#1] o.a.f.lib.MoexISSHistoryLoader           : #loadPages: offset=1608

##### CNTLP #####
2020-10-27 20:32:06.357  INFO 11744 --- [er @coroutine#1] o.a.f.lib.MoexISSHistorySaverImpl        : Start Actualize Ticker [cntlp] 
2020-10-27 20:32:06.479  INFO 11744 --- [er @coroutine#1] o.a.f.lib.MoexISSHistorySaverImpl        : cntlp table exists
2020-10-27 20:32:06.490  INFO 11744 --- [er @coroutine#1] o.a.f.lib.MoexISSHistorySaverImpl        : Already loaded info: AlreadyLoadedInfo(tradeDate=2020-10-26, lastRowNum=1608)
2020-10-27 20:32:06.490  INFO 11744 --- [er @coroutine#1] o.a.f.lib.MoexISSHistoryLoader           : #reqDataForCheckLoaded: ticker=Ticker(value='cntlp') | alreadyLoadedInfo=AlreadyLoadedInfo(tradeDate=2020-10-26, lastRowNum=1608)
2020-10-27 20:32:06.490  INFO 11744 --- [er @coroutine#1] o.a.f.lib.MoexISSHistoryLoader           : #loadRecords: ticker=Ticker(value='cntlp') | recIdx=1607
2020-10-27 20:32:06.540  INFO 11744 --- [er @coroutine#1] o.a.f.lib.MoexISSHistoryLoader           :                 Start Load Pages
                ticker=Ticker(value='cntlp')
                start=1608
                limit=100
2020-10-27 20:32:06.541  INFO 11744 --- [er @coroutine#1] o.a.f.lib.MoexISSHistoryLoader           : #loadPages: offset=1608

##### DERZP #####
2020-10-27 20:32:06.601  INFO 11744 --- [er @coroutine#1] o.a.f.lib.MoexISSHistorySaverImpl        : Start Actualize Ticker [derzp] 
2020-10-27 20:32:06.711  INFO 11744 --- [er @coroutine#1] o.a.f.lib.MoexISSHistorySaverImpl        : derzp table exists
2020-10-27 20:32:06.725  INFO 11744 --- [er @coroutine#1] o.a.f.lib.MoexISSHistorySaverImpl        : Already loaded info: AlreadyLoadedInfo(tradeDate=2020-10-26, lastRowNum=12)
2020-10-27 20:32:06.725  INFO 11744 --- [er @coroutine#1] o.a.f.lib.MoexISSHistoryLoader           : #reqDataForCheckLoaded: ticker=Ticker(value='derzp') | alreadyLoadedInfo=AlreadyLoadedInfo(tradeDate=2020-10-26, lastRowNum=12)
2020-10-27 20:32:06.725  INFO 11744 --- [er @coroutine#1] o.a.f.lib.MoexISSHistoryLoader           : #loadRecords: ticker=Ticker(value='derzp') | recIdx=11
2020-10-27 20:32:06.758  INFO 11744 --- [er @coroutine#1] o.a.f.lib.MoexISSHistoryLoader           :                 Start Load Pages
                ticker=Ticker(value='derzp')
                start=12
                limit=100
2020-10-27 20:32:06.758  INFO 11744 --- [er @coroutine#1] o.a.f.lib.MoexISSHistoryLoader           : #loadPages: offset=12

##### DIOD #####
2020-10-27 20:32:06.789  INFO 11744 --- [er @coroutine#1] o.a.f.lib.MoexISSHistorySaverImpl        : Start Actualize Ticker [diod] 
2020-10-27 20:32:06.894  INFO 11744 --- [er @coroutine#1] o.a.f.lib.MoexISSHistorySaverImpl        : diod table exists
2020-10-27 20:32:06.906  INFO 11744 --- [er @coroutine#1] o.a.f.lib.MoexISSHistorySaverImpl        : Already loaded info: AlreadyLoadedInfo(tradeDate=2020-10-26, lastRowNum=1608)
2020-10-27 20:32:06.906  INFO 11744 --- [er @coroutine#1] o.a.f.lib.MoexISSHistoryLoader           : #reqDataForCheckLoaded: ticker=Ticker(value='diod') | alreadyLoadedInfo=AlreadyLoadedInfo(tradeDate=2020-10-26, lastRowNum=1608)
2020-10-27 20:32:06.906  INFO 11744 --- [er @coroutine#1] o.a.f.lib.MoexISSHistoryLoader           : #loadRecords: ticker=Ticker(value='diod') | recIdx=1607
2020-10-27 20:32:06.957  INFO 11744 --- [er @coroutine#1] o.a.f.lib.MoexISSHistoryLoader           :                 Start Load Pages
                ticker=Ticker(value='diod')
                start=1608
                limit=100
2020-10-27 20:32:06.957  INFO 11744 --- [er @coroutine#1] o.a.f.lib.MoexISSHistoryLoader           : #loadPages: offset=1608

##### DSKY #####
2020-10-27 20:32:06.999  INFO 11744 --- [er @coroutine#1] o.a.f.lib.MoexISSHistorySaverImpl        : Start Actualize Ticker [dsky] 
2020-10-27 20:32:07.115  INFO 11744 --- [er @coroutine#1] o.a.f.lib.MoexISSHistorySaverImpl        : dsky table exists
2020-10-27 20:32:07.128  INFO 11744 --- [er @coroutine#1] o.a.f.lib.MoexISSHistorySaverImpl        : Already loaded info: AlreadyLoadedInfo(tradeDate=2020-10-26, lastRowNum=934)
2020-10-27 20:32:07.128  INFO 11744 --- [er @coroutine#1] o.a.f.lib.MoexISSHistoryLoader           : #reqDataForCheckLoaded: ticker=Ticker(value='dsky') | alreadyLoadedInfo=AlreadyLoadedInfo(tradeDate=2020-10-26, lastRowNum=934)
2020-10-27 20:32:07.129  INFO 11744 --- [er @coroutine#1] o.a.f.lib.MoexISSHistoryLoader           : #loadRecords: ticker=Ticker(value='dsky') | recIdx=933
2020-10-27 20:32:07.171  INFO 11744 --- [er @coroutine#1] o.a.f.lib.MoexISSHistoryLoader           :                 Start Load Pages
                ticker=Ticker(value='dsky')
                start=934
                limit=100
2020-10-27 20:32:07.171  INFO 11744 --- [er @coroutine#1] o.a.f.lib.MoexISSHistoryLoader           : #loadPages: offset=934

##### DVEC #####
2020-10-27 20:32:07.209  INFO 11744 --- [er @coroutine#1] o.a.f.lib.MoexISSHistorySaverImpl        : Start Actualize Ticker [dvec] 
2020-10-27 20:32:07.318  INFO 11744 --- [er @coroutine#1] o.a.f.lib.MoexISSHistorySaverImpl        : dvec table exists
2020-10-27 20:32:07.329  INFO 11744 --- [er @coroutine#1] o.a.f.lib.MoexISSHistorySaverImpl        : Already loaded info: AlreadyLoadedInfo(tradeDate=2020-10-26, lastRowNum=1608)
2020-10-27 20:32:07.329  INFO 11744 --- [er @coroutine#1] o.a.f.lib.MoexISSHistoryLoader           : #reqDataForCheckLoaded: ticker=Ticker(value='dvec') | alreadyLoadedInfo=AlreadyLoadedInfo(tradeDate=2020-10-26, lastRowNum=1608)
2020-10-27 20:32:07.329  INFO 11744 --- [er @coroutine#1] o.a.f.lib.MoexISSHistoryLoader           : #loadRecords: ticker=Ticker(value='dvec') | recIdx=1607
2020-10-27 20:32:07.375  INFO 11744 --- [er @coroutine#1] o.a.f.lib.MoexISSHistoryLoader           :                 Start Load Pages
                ticker=Ticker(value='dvec')
                start=1608
                limit=100
2020-10-27 20:32:07.375  INFO 11744 --- [er @coroutine#1] o.a.f.lib.MoexISSHistoryLoader           : #loadPages: offset=1608

##### DZRD #####
2020-10-27 20:32:07.424  INFO 11744 --- [er @coroutine#1] o.a.f.lib.MoexISSHistorySaverImpl        : Start Actualize Ticker [dzrd] 
2020-10-27 20:32:07.538  INFO 11744 --- [er @coroutine#1] o.a.f.lib.MoexISSHistorySaverImpl        : dzrd table exists
2020-10-27 20:32:07.552  INFO 11744 --- [er @coroutine#1] o.a.f.lib.MoexISSHistorySaverImpl        : Already loaded info: AlreadyLoadedInfo(tradeDate=2020-10-26, lastRowNum=1608)
2020-10-27 20:32:07.552  INFO 11744 --- [er @coroutine#1] o.a.f.lib.MoexISSHistoryLoader           : #reqDataForCheckLoaded: ticker=Ticker(value='dzrd') | alreadyLoadedInfo=AlreadyLoadedInfo(tradeDate=2020-10-26, lastRowNum=1608)
2020-10-27 20:32:07.552  INFO 11744 --- [er @coroutine#1] o.a.f.lib.MoexISSHistoryLoader           : #loadRecords: ticker=Ticker(value='dzrd') | recIdx=1607
2020-10-27 20:32:07.596  INFO 11744 --- [er @coroutine#1] o.a.f.lib.MoexISSHistoryLoader           :                 Start Load Pages
                ticker=Ticker(value='dzrd')
                start=1608
                limit=100
2020-10-27 20:32:07.596  INFO 11744 --- [er @coroutine#1] o.a.f.lib.MoexISSHistoryLoader           : #loadPages: offset=1608

##### DZRDP #####
2020-10-27 20:32:07.647  INFO 11744 --- [er @coroutine#1] o.a.f.lib.MoexISSHistorySaverImpl        : Start Actualize Ticker [dzrdp] 
2020-10-27 20:32:07.862  INFO 11744 --- [er @coroutine#1] o.a.f.lib.MoexISSHistorySaverImpl        : dzrdp table exists
2020-10-27 20:32:07.875  INFO 11744 --- [er @coroutine#1] o.a.f.lib.MoexISSHistorySaverImpl        : Already loaded info: AlreadyLoadedInfo(tradeDate=2020-10-26, lastRowNum=1608)
2020-10-27 20:32:07.876  INFO 11744 --- [er @coroutine#1] o.a.f.lib.MoexISSHistoryLoader           : #reqDataForCheckLoaded: ticker=Ticker(value='dzrdp') | alreadyLoadedInfo=AlreadyLoadedInfo(tradeDate=2020-10-26, lastRowNum=1608)
2020-10-27 20:32:07.876  INFO 11744 --- [er @coroutine#1] o.a.f.lib.MoexISSHistoryLoader           : #loadRecords: ticker=Ticker(value='dzrdp') | recIdx=1607
2020-10-27 20:32:07.923  INFO 11744 --- [er @coroutine#1] o.a.f.lib.MoexISSHistoryLoader           :                 Start Load Pages
                ticker=Ticker(value='dzrdp')
                start=1608
                limit=100
2020-10-27 20:32:07.923  INFO 11744 --- [er @coroutine#1] o.a.f.lib.MoexISSHistoryLoader           : #loadPages: offset=1608

##### EELT #####
2020-10-27 20:32:07.971  INFO 11744 --- [er @coroutine#1] o.a.f.lib.MoexISSHistorySaverImpl        : Start Actualize Ticker [eelt] 
2020-10-27 20:32:08.081  INFO 11744 --- [er @coroutine#1] o.a.f.lib.MoexISSHistorySaverImpl        : eelt table exists
2020-10-27 20:32:08.093  INFO 11744 --- [er @coroutine#1] o.a.f.lib.MoexISSHistorySaverImpl        : Already loaded info: AlreadyLoadedInfo(tradeDate=2020-10-26, lastRowNum=218)
2020-10-27 20:32:08.093  INFO 11744 --- [er @coroutine#1] o.a.f.lib.MoexISSHistoryLoader           : #reqDataForCheckLoaded: ticker=Ticker(value='eelt') | alreadyLoadedInfo=AlreadyLoadedInfo(tradeDate=2020-10-26, lastRowNum=218)
2020-10-27 20:32:08.093  INFO 11744 --- [er @coroutine#1] o.a.f.lib.MoexISSHistoryLoader           : #loadRecords: ticker=Ticker(value='eelt') | recIdx=217
2020-10-27 20:32:08.126  INFO 11744 --- [er @coroutine#1] o.a.f.lib.MoexISSHistoryLoader           :                 Start Load Pages
                ticker=Ticker(value='eelt')
                start=218
                limit=100
2020-10-27 20:32:08.127  INFO 11744 --- [er @coroutine#1] o.a.f.lib.MoexISSHistoryLoader           : #loadPages: offset=218

##### ELTZ #####
2020-10-27 20:32:08.162  INFO 11744 --- [er @coroutine#1] o.a.f.lib.MoexISSHistorySaverImpl        : Start Actualize Ticker [eltz] 
2020-10-27 20:32:08.276  INFO 11744 --- [er @coroutine#1] o.a.f.lib.MoexISSHistorySaverImpl        : eltz table exists
2020-10-27 20:32:08.289  INFO 11744 --- [er @coroutine#1] o.a.f.lib.MoexISSHistorySaverImpl        : Already loaded info: AlreadyLoadedInfo(tradeDate=2020-10-26, lastRowNum=1608)
2020-10-27 20:32:08.289  INFO 11744 --- [er @coroutine#1] o.a.f.lib.MoexISSHistoryLoader           : #reqDataForCheckLoaded: ticker=Ticker(value='eltz') | alreadyLoadedInfo=AlreadyLoadedInfo(tradeDate=2020-10-26, lastRowNum=1608)
2020-10-27 20:32:08.289  INFO 11744 --- [er @coroutine#1] o.a.f.lib.MoexISSHistoryLoader           : #loadRecords: ticker=Ticker(value='eltz') | recIdx=1607
2020-10-27 20:32:08.340  INFO 11744 --- [er @coroutine#1] o.a.f.lib.MoexISSHistoryLoader           :                 Start Load Pages
                ticker=Ticker(value='eltz')
                start=1608
                limit=100
2020-10-27 20:32:08.340  INFO 11744 --- [er @coroutine#1] o.a.f.lib.MoexISSHistoryLoader           : #loadPages: offset=1608

##### ENPG #####
2020-10-27 20:32:08.388  INFO 11744 --- [er @coroutine#1] o.a.f.lib.MoexISSHistorySaverImpl        : Start Actualize Ticker [enpg] 
2020-10-27 20:32:08.515  INFO 11744 --- [er @coroutine#1] o.a.f.lib.MoexISSHistorySaverImpl        : enpg table exists
2020-10-27 20:32:08.524  INFO 11744 --- [er @coroutine#1] o.a.f.lib.MoexISSHistorySaverImpl        : Already loaded info: AlreadyLoadedInfo(tradeDate=2020-10-26, lastRowNum=173)
2020-10-27 20:32:08.524  INFO 11744 --- [er @coroutine#1] o.a.f.lib.MoexISSHistoryLoader           : #reqDataForCheckLoaded: ticker=Ticker(value='enpg') | alreadyLoadedInfo=AlreadyLoadedInfo(tradeDate=2020-10-26, lastRowNum=173)
2020-10-27 20:32:08.524  INFO 11744 --- [er @coroutine#1] o.a.f.lib.MoexISSHistoryLoader           : #loadRecords: ticker=Ticker(value='enpg') | recIdx=172
2020-10-27 20:32:08.556  INFO 11744 --- [er @coroutine#1] o.a.f.lib.MoexISSHistoryLoader           :                 Start Load Pages
                ticker=Ticker(value='enpg')
                start=173
                limit=100
2020-10-27 20:32:08.556  INFO 11744 --- [er @coroutine#1] o.a.f.lib.MoexISSHistoryLoader           : #loadPages: offset=173

##### ENRU #####
2020-10-27 20:32:08.594  INFO 11744 --- [er @coroutine#1] o.a.f.lib.MoexISSHistorySaverImpl        : Start Actualize Ticker [enru] 
2020-10-27 20:32:08.712  INFO 11744 --- [er @coroutine#1] o.a.f.lib.MoexISSHistorySaverImpl        : enru table exists
2020-10-27 20:32:08.723  INFO 11744 --- [er @coroutine#1] o.a.f.lib.MoexISSHistorySaverImpl        : Already loaded info: AlreadyLoadedInfo(tradeDate=2020-10-26, lastRowNum=1486)
2020-10-27 20:32:08.723  INFO 11744 --- [er @coroutine#1] o.a.f.lib.MoexISSHistoryLoader           : #reqDataForCheckLoaded: ticker=Ticker(value='enru') | alreadyLoadedInfo=AlreadyLoadedInfo(tradeDate=2020-10-26, lastRowNum=1486)
2020-10-27 20:32:08.723  INFO 11744 --- [er @coroutine#1] o.a.f.lib.MoexISSHistoryLoader           : #loadRecords: ticker=Ticker(value='enru') | recIdx=1485
2020-10-27 20:32:08.768  INFO 11744 --- [er @coroutine#1] o.a.f.lib.MoexISSHistoryLoader           :                 Start Load Pages
                ticker=Ticker(value='enru')
                start=1486
                limit=100
2020-10-27 20:32:08.768  INFO 11744 --- [er @coroutine#1] o.a.f.lib.MoexISSHistoryLoader           : #loadPages: offset=1486

##### ETLN #####
2020-10-27 20:32:08.821  INFO 11744 --- [er @coroutine#1] o.a.f.lib.MoexISSHistorySaverImpl        : Start Actualize Ticker [etln] 
2020-10-27 20:32:08.935  INFO 11744 --- [er @coroutine#1] o.a.f.lib.MoexISSHistorySaverImpl        : etln table exists
2020-10-27 20:32:08.946  INFO 11744 --- [er @coroutine#1] o.a.f.lib.MoexISSHistorySaverImpl        : Already loaded info: AlreadyLoadedInfo(tradeDate=2020-10-26, lastRowNum=184)
2020-10-27 20:32:08.946  INFO 11744 --- [er @coroutine#1] o.a.f.lib.MoexISSHistoryLoader           : #reqDataForCheckLoaded: ticker=Ticker(value='etln') | alreadyLoadedInfo=AlreadyLoadedInfo(tradeDate=2020-10-26, lastRowNum=184)
2020-10-27 20:32:08.946  INFO 11744 --- [er @coroutine#1] o.a.f.lib.MoexISSHistoryLoader           : #loadRecords: ticker=Ticker(value='etln') | recIdx=183
2020-10-27 20:32:08.984  INFO 11744 --- [er @coroutine#1] o.a.f.lib.MoexISSHistoryLoader           :                 Start Load Pages
                ticker=Ticker(value='etln')
                start=184
                limit=100
2020-10-27 20:32:08.985  INFO 11744 --- [er @coroutine#1] o.a.f.lib.MoexISSHistoryLoader           : #loadPages: offset=184

##### FEES #####
2020-10-27 20:32:09.020  INFO 11744 --- [er @coroutine#1] o.a.f.lib.MoexISSHistorySaverImpl        : Start Actualize Ticker [fees] 
2020-10-27 20:32:09.135  INFO 11744 --- [er @coroutine#1] o.a.f.lib.MoexISSHistorySaverImpl        : fees table exists
2020-10-27 20:32:09.147  INFO 11744 --- [er @coroutine#1] o.a.f.lib.MoexISSHistorySaverImpl        : Already loaded info: AlreadyLoadedInfo(tradeDate=2020-10-26, lastRowNum=1608)
2020-10-27 20:32:09.147  INFO 11744 --- [er @coroutine#1] o.a.f.lib.MoexISSHistoryLoader           : #reqDataForCheckLoaded: ticker=Ticker(value='fees') | alreadyLoadedInfo=AlreadyLoadedInfo(tradeDate=2020-10-26, lastRowNum=1608)
2020-10-27 20:32:09.147  INFO 11744 --- [er @coroutine#1] o.a.f.lib.MoexISSHistoryLoader           : #loadRecords: ticker=Ticker(value='fees') | recIdx=1607
2020-10-27 20:32:09.195  INFO 11744 --- [er @coroutine#1] o.a.f.lib.MoexISSHistoryLoader           :                 Start Load Pages
                ticker=Ticker(value='fees')
                start=1608
                limit=100
2020-10-27 20:32:09.195  INFO 11744 --- [er @coroutine#1] o.a.f.lib.MoexISSHistoryLoader           : #loadPages: offset=1608

##### FESH #####
2020-10-27 20:32:09.246  INFO 11744 --- [er @coroutine#1] o.a.f.lib.MoexISSHistorySaverImpl        : Start Actualize Ticker [fesh] 
2020-10-27 20:32:09.357  INFO 11744 --- [er @coroutine#1] o.a.f.lib.MoexISSHistorySaverImpl        : fesh table exists
2020-10-27 20:32:09.371  INFO 11744 --- [er @coroutine#1] o.a.f.lib.MoexISSHistorySaverImpl        : Already loaded info: AlreadyLoadedInfo(tradeDate=2020-10-26, lastRowNum=1608)
2020-10-27 20:32:09.371  INFO 11744 --- [er @coroutine#1] o.a.f.lib.MoexISSHistoryLoader           : #reqDataForCheckLoaded: ticker=Ticker(value='fesh') | alreadyLoadedInfo=AlreadyLoadedInfo(tradeDate=2020-10-26, lastRowNum=1608)
2020-10-27 20:32:09.371  INFO 11744 --- [er @coroutine#1] o.a.f.lib.MoexISSHistoryLoader           : #loadRecords: ticker=Ticker(value='fesh') | recIdx=1607
2020-10-27 20:32:09.422  INFO 11744 --- [er @coroutine#1] o.a.f.lib.MoexISSHistoryLoader           :                 Start Load Pages
                ticker=Ticker(value='fesh')
                start=1608
                limit=100
2020-10-27 20:32:09.422  INFO 11744 --- [er @coroutine#1] o.a.f.lib.MoexISSHistoryLoader           : #loadPages: offset=1608

##### FIVE #####
2020-10-27 20:32:09.472  INFO 11744 --- [er @coroutine#1] o.a.f.lib.MoexISSHistorySaverImpl        : Start Actualize Ticker [five] 
2020-10-27 20:32:09.574  INFO 11744 --- [er @coroutine#1] o.a.f.lib.MoexISSHistorySaverImpl        : five table exists
2020-10-27 20:32:09.585  INFO 11744 --- [er @coroutine#1] o.a.f.lib.MoexISSHistorySaverImpl        : Already loaded info: AlreadyLoadedInfo(tradeDate=2020-10-26, lastRowNum=690)
2020-10-27 20:32:09.585  INFO 11744 --- [er @coroutine#1] o.a.f.lib.MoexISSHistoryLoader           : #reqDataForCheckLoaded: ticker=Ticker(value='five') | alreadyLoadedInfo=AlreadyLoadedInfo(tradeDate=2020-10-26, lastRowNum=690)
2020-10-27 20:32:09.585  INFO 11744 --- [er @coroutine#1] o.a.f.lib.MoexISSHistoryLoader           : #loadRecords: ticker=Ticker(value='five') | recIdx=689
2020-10-27 20:32:09.630  INFO 11744 --- [er @coroutine#1] o.a.f.lib.MoexISSHistoryLoader           :                 Start Load Pages
                ticker=Ticker(value='five')
                start=690
                limit=100
2020-10-27 20:32:09.630  INFO 11744 --- [er @coroutine#1] o.a.f.lib.MoexISSHistoryLoader           : #loadPages: offset=690

##### FLOT #####
2020-10-27 20:32:09.673  INFO 11744 --- [er @coroutine#1] o.a.f.lib.MoexISSHistorySaverImpl        : Start Actualize Ticker [flot] 
2020-10-27 20:32:09.780  INFO 11744 --- [er @coroutine#1] o.a.f.lib.MoexISSHistorySaverImpl        : flot table exists
2020-10-27 20:32:09.794  INFO 11744 --- [er @coroutine#1] o.a.f.lib.MoexISSHistorySaverImpl        : Already loaded info: AlreadyLoadedInfo(tradeDate=2020-10-26, lastRowNum=14)
2020-10-27 20:32:09.794  INFO 11744 --- [er @coroutine#1] o.a.f.lib.MoexISSHistoryLoader           : #reqDataForCheckLoaded: ticker=Ticker(value='flot') | alreadyLoadedInfo=AlreadyLoadedInfo(tradeDate=2020-10-26, lastRowNum=14)
2020-10-27 20:32:09.794  INFO 11744 --- [er @coroutine#1] o.a.f.lib.MoexISSHistoryLoader           : #loadRecords: ticker=Ticker(value='flot') | recIdx=13
2020-10-27 20:32:09.826  INFO 11744 --- [er @coroutine#1] o.a.f.lib.MoexISSHistoryLoader           :                 Start Load Pages
                ticker=Ticker(value='flot')
                start=14
                limit=100
2020-10-27 20:32:09.826  INFO 11744 --- [er @coroutine#1] o.a.f.lib.MoexISSHistoryLoader           : #loadPages: offset=14

##### GAZA #####
2020-10-27 20:32:09.866  INFO 11744 --- [er @coroutine#1] o.a.f.lib.MoexISSHistorySaverImpl        : Start Actualize Ticker [gaza] 
2020-10-27 20:32:09.988  INFO 11744 --- [er @coroutine#1] o.a.f.lib.MoexISSHistorySaverImpl        : gaza table exists
2020-10-27 20:32:10.000  INFO 11744 --- [er @coroutine#1] o.a.f.lib.MoexISSHistorySaverImpl        : Already loaded info: AlreadyLoadedInfo(tradeDate=2020-10-26, lastRowNum=1608)
2020-10-27 20:32:10.000  INFO 11744 --- [er @coroutine#1] o.a.f.lib.MoexISSHistoryLoader           : #reqDataForCheckLoaded: ticker=Ticker(value='gaza') | alreadyLoadedInfo=AlreadyLoadedInfo(tradeDate=2020-10-26, lastRowNum=1608)
2020-10-27 20:32:10.000  INFO 11744 --- [er @coroutine#1] o.a.f.lib.MoexISSHistoryLoader           : #loadRecords: ticker=Ticker(value='gaza') | recIdx=1607
2020-10-27 20:32:10.045  INFO 11744 --- [er @coroutine#1] o.a.f.lib.MoexISSHistoryLoader           :                 Start Load Pages
                ticker=Ticker(value='gaza')
                start=1608
                limit=100
2020-10-27 20:32:10.045  INFO 11744 --- [er @coroutine#1] o.a.f.lib.MoexISSHistoryLoader           : #loadPages: offset=1608

##### GAZAP #####
2020-10-27 20:32:10.103  INFO 11744 --- [er @coroutine#1] o.a.f.lib.MoexISSHistorySaverImpl        : Start Actualize Ticker [gazap] 
2020-10-27 20:32:10.231  INFO 11744 --- [er @coroutine#1] o.a.f.lib.MoexISSHistorySaverImpl        : gazap table exists
2020-10-27 20:32:10.241  INFO 11744 --- [er @coroutine#1] o.a.f.lib.MoexISSHistorySaverImpl        : Already loaded info: AlreadyLoadedInfo(tradeDate=2020-10-26, lastRowNum=1532)
2020-10-27 20:32:10.242  INFO 11744 --- [er @coroutine#1] o.a.f.lib.MoexISSHistoryLoader           : #reqDataForCheckLoaded: ticker=Ticker(value='gazap') | alreadyLoadedInfo=AlreadyLoadedInfo(tradeDate=2020-10-26, lastRowNum=1532)
2020-10-27 20:32:10.242  INFO 11744 --- [er @coroutine#1] o.a.f.lib.MoexISSHistoryLoader           : #loadRecords: ticker=Ticker(value='gazap') | recIdx=1531
2020-10-27 20:32:10.618  INFO 11744 --- [er @coroutine#1] o.a.f.lib.MoexISSHistoryLoader           :                 Start Load Pages
                ticker=Ticker(value='gazap')
                start=1532
                limit=100
2020-10-27 20:32:10.618  INFO 11744 --- [er @coroutine#1] o.a.f.lib.MoexISSHistoryLoader           : #loadPages: offset=1532

##### GAZC #####
2020-10-27 20:32:10.671  INFO 11744 --- [er @coroutine#1] o.a.f.lib.MoexISSHistorySaverImpl        : Start Actualize Ticker [gazc] 
2020-10-27 20:32:10.999  INFO 11744 --- [er @coroutine#1] o.a.f.lib.MoexISSHistorySaverImpl        : gazc table exists
2020-10-27 20:32:11.013  INFO 11744 --- [er @coroutine#1] o.a.f.lib.MoexISSHistorySaverImpl        : Already loaded info: AlreadyLoadedInfo(tradeDate=2020-10-26, lastRowNum=1608)
2020-10-27 20:32:11.013  INFO 11744 --- [er @coroutine#1] o.a.f.lib.MoexISSHistoryLoader           : #reqDataForCheckLoaded: ticker=Ticker(value='gazc') | alreadyLoadedInfo=AlreadyLoadedInfo(tradeDate=2020-10-26, lastRowNum=1608)
2020-10-27 20:32:11.013  INFO 11744 --- [er @coroutine#1] o.a.f.lib.MoexISSHistoryLoader           : #loadRecords: ticker=Ticker(value='gazc') | recIdx=1607
2020-10-27 20:32:11.060  INFO 11744 --- [er @coroutine#1] o.a.f.lib.MoexISSHistoryLoader           :                 Start Load Pages
                ticker=Ticker(value='gazc')
                start=1608
                limit=100
2020-10-27 20:32:11.060  INFO 11744 --- [er @coroutine#1] o.a.f.lib.MoexISSHistoryLoader           : #loadPages: offset=1608

##### GAZP #####
2020-10-27 20:32:11.112  INFO 11744 --- [er @coroutine#1] o.a.f.lib.MoexISSHistorySaverImpl        : Start Actualize Ticker [gazp] 
2020-10-27 20:32:11.334  INFO 11744 --- [er @coroutine#1] o.a.f.lib.MoexISSHistorySaverImpl        : gazp table exists
2020-10-27 20:32:18.486  INFO 11744 --- [er @coroutine#1] o.a.f.lib.MoexISSHistorySaverImpl        : Already loaded info: AlreadyLoadedInfo(tradeDate=2020-10-12, lastRowNum=1598)
2020-10-27 20:32:18.486  INFO 11744 --- [er @coroutine#1] o.a.f.lib.MoexISSHistoryLoader           : #reqDataForCheckLoaded: ticker=Ticker(value='gazp') | alreadyLoadedInfo=AlreadyLoadedInfo(tradeDate=2020-10-12, lastRowNum=1598)
2020-10-27 20:32:18.486  INFO 11744 --- [er @coroutine#1] o.a.f.lib.MoexISSHistoryLoader           : #loadRecords: ticker=Ticker(value='gazp') | recIdx=1597
2020-10-27 20:32:18.538  INFO 11744 --- [er @coroutine#1] o.a.f.lib.MoexISSHistoryLoader           :                 Start Load Pages
                ticker=Ticker(value='gazp')
                start=1598
                limit=100
2020-10-27 20:32:18.539  INFO 11744 --- [er @coroutine#1] o.a.f.lib.MoexISSHistoryLoader           : #loadPages: offset=1598
2020-10-27 20:32:18.629  INFO 11744 --- [er @coroutine#1] o.a.f.lib.MoexISSHistoryLoader           : #loadPages: offset=1698

##### GAZS #####
2020-10-27 20:32:18.680  INFO 11744 --- [er @coroutine#1] o.a.f.lib.MoexISSHistorySaverImpl        : Start Actualize Ticker [gazs] 
2020-10-27 20:32:18.788  INFO 11744 --- [er @coroutine#1] o.a.f.lib.MoexISSHistorySaverImpl        : gazs table exists
2020-10-27 20:32:18.799  INFO 11744 --- [er @coroutine#1] o.a.f.lib.MoexISSHistorySaverImpl        : Already loaded info: AlreadyLoadedInfo(tradeDate=2020-10-26, lastRowNum=1608)
2020-10-27 20:32:18.800  INFO 11744 --- [er @coroutine#1] o.a.f.lib.MoexISSHistoryLoader           : #reqDataForCheckLoaded: ticker=Ticker(value='gazs') | alreadyLoadedInfo=AlreadyLoadedInfo(tradeDate=2020-10-26, lastRowNum=1608)
2020-10-27 20:32:18.800  INFO 11744 --- [er @coroutine#1] o.a.f.lib.MoexISSHistoryLoader           : #loadRecords: ticker=Ticker(value='gazs') | recIdx=1607
2020-10-27 20:32:18.878  INFO 11744 --- [er @coroutine#1] o.a.f.lib.MoexISSHistoryLoader           :                 Start Load Pages
                ticker=Ticker(value='gazs')
                start=1608
                limit=100
2020-10-27 20:32:18.879  INFO 11744 --- [er @coroutine#1] o.a.f.lib.MoexISSHistoryLoader           : #loadPages: offset=1608

##### GAZT #####
2020-10-27 20:32:18.934  INFO 11744 --- [er @coroutine#1] o.a.f.lib.MoexISSHistorySaverImpl        : Start Actualize Ticker [gazt] 
2020-10-27 20:32:19.039  INFO 11744 --- [er @coroutine#1] o.a.f.lib.MoexISSHistorySaverImpl        : gazt table exists
2020-10-27 20:32:19.052  INFO 11744 --- [er @coroutine#1] o.a.f.lib.MoexISSHistorySaverImpl        : Already loaded info: AlreadyLoadedInfo(tradeDate=2020-10-26, lastRowNum=1608)
2020-10-27 20:32:19.052  INFO 11744 --- [er @coroutine#1] o.a.f.lib.MoexISSHistoryLoader           : #reqDataForCheckLoaded: ticker=Ticker(value='gazt') | alreadyLoadedInfo=AlreadyLoadedInfo(tradeDate=2020-10-26, lastRowNum=1608)
2020-10-27 20:32:19.052  INFO 11744 --- [er @coroutine#1] o.a.f.lib.MoexISSHistoryLoader           : #loadRecords: ticker=Ticker(value='gazt') | recIdx=1607
2020-10-27 20:32:19.103  INFO 11744 --- [er @coroutine#1] o.a.f.lib.MoexISSHistoryLoader           :                 Start Load Pages
                ticker=Ticker(value='gazt')
                start=1608
                limit=100
2020-10-27 20:32:19.103  INFO 11744 --- [er @coroutine#1] o.a.f.lib.MoexISSHistoryLoader           : #loadPages: offset=1608

##### GCHE #####
2020-10-27 20:32:19.161  INFO 11744 --- [er @coroutine#1] o.a.f.lib.MoexISSHistorySaverImpl        : Start Actualize Ticker [gche] 
2020-10-27 20:32:19.271  INFO 11744 --- [er @coroutine#1] o.a.f.lib.MoexISSHistorySaverImpl        : gche table exists
2020-10-27 20:32:19.283  INFO 11744 --- [er @coroutine#1] o.a.f.lib.MoexISSHistorySaverImpl        : Already loaded info: AlreadyLoadedInfo(tradeDate=2020-10-26, lastRowNum=1799)
2020-10-27 20:32:19.284  INFO 11744 --- [er @coroutine#1] o.a.f.lib.MoexISSHistoryLoader           : #reqDataForCheckLoaded: ticker=Ticker(value='gche') | alreadyLoadedInfo=AlreadyLoadedInfo(tradeDate=2020-10-26, lastRowNum=1799)
2020-10-27 20:32:19.284  INFO 11744 --- [er @coroutine#1] o.a.f.lib.MoexISSHistoryLoader           : #loadRecords: ticker=Ticker(value='gche') | recIdx=1798
2020-10-27 20:32:19.342  INFO 11744 --- [er @coroutine#1] o.a.f.lib.MoexISSHistoryLoader           :                 Start Load Pages
                ticker=Ticker(value='gche')
                start=1799
                limit=100
2020-10-27 20:32:19.342  INFO 11744 --- [er @coroutine#1] o.a.f.lib.MoexISSHistoryLoader           : #loadPages: offset=1799

##### GEMA #####
2020-10-27 20:32:19.396  INFO 11744 --- [er @coroutine#1] o.a.f.lib.MoexISSHistorySaverImpl        : Start Actualize Ticker [gema] 
2020-10-27 20:32:19.505  INFO 11744 --- [er @coroutine#1] o.a.f.lib.MoexISSHistorySaverImpl        : gema table exists
2020-10-27 20:32:19.516  INFO 11744 --- [er @coroutine#1] o.a.f.lib.MoexISSHistorySaverImpl        : Already loaded info: AlreadyLoadedInfo(tradeDate=2020-10-26, lastRowNum=316)
2020-10-27 20:32:19.516  INFO 11744 --- [er @coroutine#1] o.a.f.lib.MoexISSHistoryLoader           : #reqDataForCheckLoaded: ticker=Ticker(value='gema') | alreadyLoadedInfo=AlreadyLoadedInfo(tradeDate=2020-10-26, lastRowNum=316)
2020-10-27 20:32:19.516  INFO 11744 --- [er @coroutine#1] o.a.f.lib.MoexISSHistoryLoader           : #loadRecords: ticker=Ticker(value='gema') | recIdx=315
2020-10-27 20:32:19.556  INFO 11744 --- [er @coroutine#1] o.a.f.lib.MoexISSHistoryLoader           :                 Start Load Pages
                ticker=Ticker(value='gema')
                start=316
                limit=100
2020-10-27 20:32:19.557  INFO 11744 --- [er @coroutine#1] o.a.f.lib.MoexISSHistoryLoader           : #loadPages: offset=316

##### GMKN #####
2020-10-27 20:32:19.601  INFO 11744 --- [er @coroutine#1] o.a.f.lib.MoexISSHistorySaverImpl        : Start Actualize Ticker [gmkn] 
2020-10-27 20:32:19.817  INFO 11744 --- [er @coroutine#1] o.a.f.lib.MoexISSHistorySaverImpl        : gmkn table exists
2020-10-27 20:32:19.831  INFO 11744 --- [er @coroutine#1] o.a.f.lib.MoexISSHistorySaverImpl        : Already loaded info: AlreadyLoadedInfo(tradeDate=2020-10-26, lastRowNum=1608)
2020-10-27 20:32:19.831  INFO 11744 --- [er @coroutine#1] o.a.f.lib.MoexISSHistoryLoader           : #reqDataForCheckLoaded: ticker=Ticker(value='gmkn') | alreadyLoadedInfo=AlreadyLoadedInfo(tradeDate=2020-10-26, lastRowNum=1608)
2020-10-27 20:32:19.831  INFO 11744 --- [er @coroutine#1] o.a.f.lib.MoexISSHistoryLoader           : #loadRecords: ticker=Ticker(value='gmkn') | recIdx=1607
2020-10-27 20:32:19.883  INFO 11744 --- [er @coroutine#1] o.a.f.lib.MoexISSHistoryLoader           :                 Start Load Pages
                ticker=Ticker(value='gmkn')
                start=1608
                limit=100
2020-10-27 20:32:19.883  INFO 11744 --- [er @coroutine#1] o.a.f.lib.MoexISSHistoryLoader           : #loadPages: offset=1608

##### GTRK #####
2020-10-27 20:32:19.938  INFO 11744 --- [er @coroutine#1] o.a.f.lib.MoexISSHistorySaverImpl        : Start Actualize Ticker [gtrk] 
2020-10-27 20:32:20.049  INFO 11744 --- [er @coroutine#1] o.a.f.lib.MoexISSHistorySaverImpl        : gtrk table exists
2020-10-27 20:32:20.064  INFO 11744 --- [er @coroutine#1] o.a.f.lib.MoexISSHistorySaverImpl        : Already loaded info: AlreadyLoadedInfo(tradeDate=2020-10-26, lastRowNum=759)
2020-10-27 20:32:20.064  INFO 11744 --- [er @coroutine#1] o.a.f.lib.MoexISSHistoryLoader           : #reqDataForCheckLoaded: ticker=Ticker(value='gtrk') | alreadyLoadedInfo=AlreadyLoadedInfo(tradeDate=2020-10-26, lastRowNum=759)
2020-10-27 20:32:20.064  INFO 11744 --- [er @coroutine#1] o.a.f.lib.MoexISSHistoryLoader           : #loadRecords: ticker=Ticker(value='gtrk') | recIdx=758
2020-10-27 20:32:20.106  INFO 11744 --- [er @coroutine#1] o.a.f.lib.MoexISSHistoryLoader           :                 Start Load Pages
                ticker=Ticker(value='gtrk')
                start=759
                limit=100
2020-10-27 20:32:20.106  INFO 11744 --- [er @coroutine#1] o.a.f.lib.MoexISSHistoryLoader           : #loadPages: offset=759

##### GTSS #####
2020-10-27 20:32:20.151  INFO 11744 --- [er @coroutine#1] o.a.f.lib.MoexISSHistorySaverImpl        : Start Actualize Ticker [gtss] 
2020-10-27 20:32:20.269  INFO 11744 --- [er @coroutine#1] o.a.f.lib.MoexISSHistorySaverImpl        : gtss table exists
2020-10-27 20:32:20.282  INFO 11744 --- [er @coroutine#1] o.a.f.lib.MoexISSHistorySaverImpl        : Already loaded info: AlreadyLoadedInfo(tradeDate=2020-10-26, lastRowNum=1317)
2020-10-27 20:32:20.283  INFO 11744 --- [er @coroutine#1] o.a.f.lib.MoexISSHistoryLoader           : #reqDataForCheckLoaded: ticker=Ticker(value='gtss') | alreadyLoadedInfo=AlreadyLoadedInfo(tradeDate=2020-10-26, lastRowNum=1317)
2020-10-27 20:32:20.283  INFO 11744 --- [er @coroutine#1] o.a.f.lib.MoexISSHistoryLoader           : #loadRecords: ticker=Ticker(value='gtss') | recIdx=1316
2020-10-27 20:32:20.327  INFO 11744 --- [er @coroutine#1] o.a.f.lib.MoexISSHistoryLoader           :                 Start Load Pages
                ticker=Ticker(value='gtss')
                start=1317
                limit=100
2020-10-27 20:32:20.327  INFO 11744 --- [er @coroutine#1] o.a.f.lib.MoexISSHistoryLoader           : #loadPages: offset=1317

##### HALS #####
[...]
2020-10-27 20:33:07.999  INFO 11744 --- [er @coroutine#1] o.a.f.lib.MoexISSHistoryLoader           : #reqDataForCheckLoaded: ticker=Ticker(value='vrsbp') | alreadyLoadedInfo=AlreadyLoadedInfo(tradeDate=2020-10-26, lastRowNum=1608)
2020-10-27 20:33:07.999  INFO 11744 --- [er @coroutine#1] o.a.f.lib.MoexISSHistoryLoader           : #loadRecords: ticker=Ticker(value='vrsbp') | recIdx=1607
2020-10-27 20:33:08.043  INFO 11744 --- [er @coroutine#1] o.a.f.lib.MoexISSHistoryLoader           :                 Start Load Pages
                ticker=Ticker(value='vrsbp')
                start=1608
                limit=100
2020-10-27 20:33:08.043  INFO 11744 --- [er @coroutine#1] o.a.f.lib.MoexISSHistoryLoader           : #loadPages: offset=1608

##### VSMO #####
2020-10-27 20:33:08.099  INFO 11744 --- [er @coroutine#1] o.a.f.lib.MoexISSHistorySaverImpl        : Start Actualize Ticker [vsmo] 
2020-10-27 20:33:08.204  INFO 11744 --- [er @coroutine#1] o.a.f.lib.MoexISSHistorySaverImpl        : vsmo table exists
2020-10-27 20:33:08.217  INFO 11744 --- [er @coroutine#1] o.a.f.lib.MoexISSHistorySaverImpl        : Already loaded info: AlreadyLoadedInfo(tradeDate=2020-10-26, lastRowNum=1608)
2020-10-27 20:33:08.217  INFO 11744 --- [er @coroutine#1] o.a.f.lib.MoexISSHistoryLoader           : #reqDataForCheckLoaded: ticker=Ticker(value='vsmo') | alreadyLoadedInfo=AlreadyLoadedInfo(tradeDate=2020-10-26, lastRowNum=1608)
2020-10-27 20:33:08.217  INFO 11744 --- [er @coroutine#1] o.a.f.lib.MoexISSHistoryLoader           : #loadRecords: ticker=Ticker(value='vsmo') | recIdx=1607
2020-10-27 20:33:08.260  INFO 11744 --- [er @coroutine#1] o.a.f.lib.MoexISSHistoryLoader           :                 Start Load Pages
                ticker=Ticker(value='vsmo')
                start=1608
                limit=100
2020-10-27 20:33:08.260  INFO 11744 --- [er @coroutine#1] o.a.f.lib.MoexISSHistoryLoader           : #loadPages: offset=1608

##### VSYD #####
2020-10-27 20:33:08.312  INFO 11744 --- [er @coroutine#1] o.a.f.lib.MoexISSHistorySaverImpl        : Start Actualize Ticker [vsyd] 
2020-10-27 20:33:08.422  INFO 11744 --- [er @coroutine#1] o.a.f.lib.MoexISSHistorySaverImpl        : vsyd table exists
2020-10-27 20:33:08.435  INFO 11744 --- [er @coroutine#1] o.a.f.lib.MoexISSHistorySaverImpl        : Already loaded info: AlreadyLoadedInfo(tradeDate=2020-10-26, lastRowNum=1608)
2020-10-27 20:33:08.435  INFO 11744 --- [er @coroutine#1] o.a.f.lib.MoexISSHistoryLoader           : #reqDataForCheckLoaded: ticker=Ticker(value='vsyd') | alreadyLoadedInfo=AlreadyLoadedInfo(tradeDate=2020-10-26, lastRowNum=1608)
2020-10-27 20:33:08.436  INFO 11744 --- [er @coroutine#1] o.a.f.lib.MoexISSHistoryLoader           : #loadRecords: ticker=Ticker(value='vsyd') | recIdx=1607
2020-10-27 20:33:08.479  INFO 11744 --- [er @coroutine#1] o.a.f.lib.MoexISSHistoryLoader           :                 Start Load Pages
                ticker=Ticker(value='vsyd')
                start=1608
                limit=100
2020-10-27 20:33:08.479  INFO 11744 --- [er @coroutine#1] o.a.f.lib.MoexISSHistoryLoader           : #loadPages: offset=1608

##### VSYDP #####
2020-10-27 20:33:08.527  INFO 11744 --- [er @coroutine#1] o.a.f.lib.MoexISSHistorySaverImpl        : Start Actualize Ticker [vsydp] 
2020-10-27 20:33:08.638  INFO 11744 --- [er @coroutine#1] o.a.f.lib.MoexISSHistorySaverImpl        : vsydp table exists
2020-10-27 20:33:08.652  INFO 11744 --- [er @coroutine#1] o.a.f.lib.MoexISSHistorySaverImpl        : Already loaded info: AlreadyLoadedInfo(tradeDate=2020-10-26, lastRowNum=1608)
2020-10-27 20:33:08.652  INFO 11744 --- [er @coroutine#1] o.a.f.lib.MoexISSHistoryLoader           : #reqDataForCheckLoaded: ticker=Ticker(value='vsydp') | alreadyLoadedInfo=AlreadyLoadedInfo(tradeDate=2020-10-26, lastRowNum=1608)
2020-10-27 20:33:08.652  INFO 11744 --- [er @coroutine#1] o.a.f.lib.MoexISSHistoryLoader           : #loadRecords: ticker=Ticker(value='vsydp') | recIdx=1607
2020-10-27 20:33:08.725  INFO 11744 --- [er @coroutine#1] o.a.f.lib.MoexISSHistoryLoader           :                 Start Load Pages
                ticker=Ticker(value='vsydp')
                start=1608
                limit=100
2020-10-27 20:33:08.725  INFO 11744 --- [er @coroutine#1] o.a.f.lib.MoexISSHistoryLoader           : #loadPages: offset=1608

##### VTBR #####
2020-10-27 20:33:08.783  INFO 11744 --- [er @coroutine#1] o.a.f.lib.MoexISSHistorySaverImpl        : Start Actualize Ticker [vtbr] 
2020-10-27 20:33:08.889  INFO 11744 --- [er @coroutine#1] o.a.f.lib.MoexISSHistorySaverImpl        : vtbr table exists
2020-10-27 20:33:08.903  INFO 11744 --- [er @coroutine#1] o.a.f.lib.MoexISSHistorySaverImpl        : Already loaded info: AlreadyLoadedInfo(tradeDate=2020-10-26, lastRowNum=1911)
2020-10-27 20:33:08.903  INFO 11744 --- [er @coroutine#1] o.a.f.lib.MoexISSHistoryLoader           : #reqDataForCheckLoaded: ticker=Ticker(value='vtbr') | alreadyLoadedInfo=AlreadyLoadedInfo(tradeDate=2020-10-26, lastRowNum=1911)
2020-10-27 20:33:08.903  INFO 11744 --- [er @coroutine#1] o.a.f.lib.MoexISSHistoryLoader           : #loadRecords: ticker=Ticker(value='vtbr') | recIdx=1910
2020-10-27 20:33:08.960  INFO 11744 --- [er @coroutine#1] o.a.f.lib.MoexISSHistoryLoader           :                 Start Load Pages
                ticker=Ticker(value='vtbr')
                start=1911
                limit=100
2020-10-27 20:33:08.960  INFO 11744 --- [er @coroutine#1] o.a.f.lib.MoexISSHistoryLoader           : #loadPages: offset=1911

##### VZRZ #####
2020-10-27 20:33:09.019  INFO 11744 --- [er @coroutine#1] o.a.f.lib.MoexISSHistorySaverImpl        : Start Actualize Ticker [vzrz] 
2020-10-27 20:33:09.133  INFO 11744 --- [er @coroutine#1] o.a.f.lib.MoexISSHistorySaverImpl        : vzrz table exists
2020-10-27 20:33:09.147  INFO 11744 --- [er @coroutine#1] o.a.f.lib.MoexISSHistorySaverImpl        : Already loaded info: AlreadyLoadedInfo(tradeDate=2020-10-26, lastRowNum=1799)
2020-10-27 20:33:09.147  INFO 11744 --- [er @coroutine#1] o.a.f.lib.MoexISSHistoryLoader           : #reqDataForCheckLoaded: ticker=Ticker(value='vzrz') | alreadyLoadedInfo=AlreadyLoadedInfo(tradeDate=2020-10-26, lastRowNum=1799)
2020-10-27 20:33:09.147  INFO 11744 --- [er @coroutine#1] o.a.f.lib.MoexISSHistoryLoader           : #loadRecords: ticker=Ticker(value='vzrz') | recIdx=1798
2020-10-27 20:33:09.198  INFO 11744 --- [er @coroutine#1] o.a.f.lib.MoexISSHistoryLoader           :                 Start Load Pages
                ticker=Ticker(value='vzrz')
                start=1799
                limit=100
2020-10-27 20:33:09.198  INFO 11744 --- [er @coroutine#1] o.a.f.lib.MoexISSHistoryLoader           : #loadPages: offset=1799

##### VZRZP #####
2020-10-27 20:33:09.257  INFO 11744 --- [er @coroutine#1] o.a.f.lib.MoexISSHistorySaverImpl        : Start Actualize Ticker [vzrzp] 
2020-10-27 20:33:09.365  INFO 11744 --- [er @coroutine#1] o.a.f.lib.MoexISSHistorySaverImpl        : vzrzp table exists
2020-10-27 20:33:09.376  INFO 11744 --- [er @coroutine#1] o.a.f.lib.MoexISSHistorySaverImpl        : Already loaded info: AlreadyLoadedInfo(tradeDate=2020-10-26, lastRowNum=1608)
2020-10-27 20:33:09.376  INFO 11744 --- [er @coroutine#1] o.a.f.lib.MoexISSHistoryLoader           : #reqDataForCheckLoaded: ticker=Ticker(value='vzrzp') | alreadyLoadedInfo=AlreadyLoadedInfo(tradeDate=2020-10-26, lastRowNum=1608)
2020-10-27 20:33:09.377  INFO 11744 --- [er @coroutine#1] o.a.f.lib.MoexISSHistoryLoader           : #loadRecords: ticker=Ticker(value='vzrzp') | recIdx=1607
2020-10-27 20:33:09.423  INFO 11744 --- [er @coroutine#1] o.a.f.lib.MoexISSHistoryLoader           :                 Start Load Pages
                ticker=Ticker(value='vzrzp')
                start=1608
                limit=100
2020-10-27 20:33:09.424  INFO 11744 --- [er @coroutine#1] o.a.f.lib.MoexISSHistoryLoader           : #loadPages: offset=1608

##### WTCM #####
2020-10-27 20:33:09.473  INFO 11744 --- [er @coroutine#1] o.a.f.lib.MoexISSHistorySaverImpl        : Start Actualize Ticker [wtcm] 
2020-10-27 20:33:09.571  INFO 11744 --- [er @coroutine#1] o.a.f.lib.MoexISSHistorySaverImpl        : wtcm table exists
2020-10-27 20:33:09.584  INFO 11744 --- [er @coroutine#1] o.a.f.lib.MoexISSHistorySaverImpl        : Already loaded info: AlreadyLoadedInfo(tradeDate=2020-10-26, lastRowNum=1608)
2020-10-27 20:33:09.585  INFO 11744 --- [er @coroutine#1] o.a.f.lib.MoexISSHistoryLoader           : #reqDataForCheckLoaded: ticker=Ticker(value='wtcm') | alreadyLoadedInfo=AlreadyLoadedInfo(tradeDate=2020-10-26, lastRowNum=1608)
2020-10-27 20:33:09.585  INFO 11744 --- [er @coroutine#1] o.a.f.lib.MoexISSHistoryLoader           : #loadRecords: ticker=Ticker(value='wtcm') | recIdx=1607
2020-10-27 20:33:09.631  INFO 11744 --- [er @coroutine#1] o.a.f.lib.MoexISSHistoryLoader           :                 Start Load Pages
                ticker=Ticker(value='wtcm')
                start=1608
                limit=100
2020-10-27 20:33:09.631  INFO 11744 --- [er @coroutine#1] o.a.f.lib.MoexISSHistoryLoader           : #loadPages: offset=1608

##### WTCMP #####
2020-10-27 20:33:09.685  INFO 11744 --- [er @coroutine#1] o.a.f.lib.MoexISSHistorySaverImpl        : Start Actualize Ticker [wtcmp] 
2020-10-27 20:33:09.801  INFO 11744 --- [er @coroutine#1] o.a.f.lib.MoexISSHistorySaverImpl        : wtcmp table exists
2020-10-27 20:33:09.812  INFO 11744 --- [er @coroutine#1] o.a.f.lib.MoexISSHistorySaverImpl        : Already loaded info: AlreadyLoadedInfo(tradeDate=2020-10-26, lastRowNum=1608)
2020-10-27 20:33:09.813  INFO 11744 --- [er @coroutine#1] o.a.f.lib.MoexISSHistoryLoader           : #reqDataForCheckLoaded: ticker=Ticker(value='wtcmp') | alreadyLoadedInfo=AlreadyLoadedInfo(tradeDate=2020-10-26, lastRowNum=1608)
2020-10-27 20:33:09.813  INFO 11744 --- [er @coroutine#1] o.a.f.lib.MoexISSHistoryLoader           : #loadRecords: ticker=Ticker(value='wtcmp') | recIdx=1607
2020-10-27 20:33:09.862  INFO 11744 --- [er @coroutine#1] o.a.f.lib.MoexISSHistoryLoader           :                 Start Load Pages
                ticker=Ticker(value='wtcmp')
                start=1608
                limit=100
2020-10-27 20:33:09.862  INFO 11744 --- [er @coroutine#1] o.a.f.lib.MoexISSHistoryLoader           : #loadPages: offset=1608

##### YAKG #####
2020-10-27 20:33:09.906  INFO 11744 --- [er @coroutine#1] o.a.f.lib.MoexISSHistorySaverImpl        : Start Actualize Ticker [yakg] 
2020-10-27 20:33:10.009  INFO 11744 --- [er @coroutine#1] o.a.f.lib.MoexISSHistorySaverImpl        : yakg table exists
2020-10-27 20:33:10.022  INFO 11744 --- [er @coroutine#1] o.a.f.lib.MoexISSHistorySaverImpl        : Already loaded info: AlreadyLoadedInfo(tradeDate=2020-10-26, lastRowNum=1608)
2020-10-27 20:33:10.022  INFO 11744 --- [er @coroutine#1] o.a.f.lib.MoexISSHistoryLoader           : #reqDataForCheckLoaded: ticker=Ticker(value='yakg') | alreadyLoadedInfo=AlreadyLoadedInfo(tradeDate=2020-10-26, lastRowNum=1608)
2020-10-27 20:33:10.022  INFO 11744 --- [er @coroutine#1] o.a.f.lib.MoexISSHistoryLoader           : #loadRecords: ticker=Ticker(value='yakg') | recIdx=1607
2020-10-27 20:33:10.076  INFO 11744 --- [er @coroutine#1] o.a.f.lib.MoexISSHistoryLoader           :                 Start Load Pages
                ticker=Ticker(value='yakg')
                start=1608
                limit=100
2020-10-27 20:33:10.076  INFO 11744 --- [er @coroutine#1] o.a.f.lib.MoexISSHistoryLoader           : #loadPages: offset=1608

##### YKEN #####
2020-10-27 20:33:10.126  INFO 11744 --- [er @coroutine#1] o.a.f.lib.MoexISSHistorySaverImpl        : Start Actualize Ticker [yken] 
2020-10-27 20:33:10.330  INFO 11744 --- [er @coroutine#1] o.a.f.lib.MoexISSHistorySaverImpl        : yken table exists
2020-10-27 20:33:10.342  INFO 11744 --- [er @coroutine#1] o.a.f.lib.MoexISSHistorySaverImpl        : Already loaded info: AlreadyLoadedInfo(tradeDate=2020-10-26, lastRowNum=1608)
2020-10-27 20:33:10.342  INFO 11744 --- [er @coroutine#1] o.a.f.lib.MoexISSHistoryLoader           : #reqDataForCheckLoaded: ticker=Ticker(value='yken') | alreadyLoadedInfo=AlreadyLoadedInfo(tradeDate=2020-10-26, lastRowNum=1608)
2020-10-27 20:33:10.342  INFO 11744 --- [er @coroutine#1] o.a.f.lib.MoexISSHistoryLoader           : #loadRecords: ticker=Ticker(value='yken') | recIdx=1607
2020-10-27 20:33:10.409  INFO 11744 --- [er @coroutine#1] o.a.f.lib.MoexISSHistoryLoader           :                 Start Load Pages
                ticker=Ticker(value='yken')
                start=1608
                limit=100
2020-10-27 20:33:10.409  INFO 11744 --- [er @coroutine#1] o.a.f.lib.MoexISSHistoryLoader           : #loadPages: offset=1608

##### YKENP #####
2020-10-27 20:33:10.460  INFO 11744 --- [er @coroutine#1] o.a.f.lib.MoexISSHistorySaverImpl        : Start Actualize Ticker [ykenp] 
2020-10-27 20:33:10.569  INFO 11744 --- [er @coroutine#1] o.a.f.lib.MoexISSHistorySaverImpl        : ykenp table exists
2020-10-27 20:33:10.581  INFO 11744 --- [er @coroutine#1] o.a.f.lib.MoexISSHistorySaverImpl        : Already loaded info: AlreadyLoadedInfo(tradeDate=2020-10-26, lastRowNum=1608)
2020-10-27 20:33:10.581  INFO 11744 --- [er @coroutine#1] o.a.f.lib.MoexISSHistoryLoader           : #reqDataForCheckLoaded: ticker=Ticker(value='ykenp') | alreadyLoadedInfo=AlreadyLoadedInfo(tradeDate=2020-10-26, lastRowNum=1608)
2020-10-27 20:33:10.581  INFO 11744 --- [er @coroutine#1] o.a.f.lib.MoexISSHistoryLoader           : #loadRecords: ticker=Ticker(value='ykenp') | recIdx=1607
2020-10-27 20:33:10.626  INFO 11744 --- [er @coroutine#1] o.a.f.lib.MoexISSHistoryLoader           :                 Start Load Pages
                ticker=Ticker(value='ykenp')
                start=1608
                limit=100
2020-10-27 20:33:10.627  INFO 11744 --- [er @coroutine#1] o.a.f.lib.MoexISSHistoryLoader           : #loadPages: offset=1608

##### YNDX #####
2020-10-27 20:33:10.681  INFO 11744 --- [er @coroutine#1] o.a.f.lib.MoexISSHistorySaverImpl        : Start Actualize Ticker [yndx] 
2020-10-27 20:33:10.792  INFO 11744 --- [er @coroutine#1] o.a.f.lib.MoexISSHistorySaverImpl        : yndx table exists
2020-10-27 20:33:10.807  INFO 11744 --- [er @coroutine#1] o.a.f.lib.MoexISSHistorySaverImpl        : Already loaded info: AlreadyLoadedInfo(tradeDate=2020-10-26, lastRowNum=1611)
2020-10-27 20:33:10.807  INFO 11744 --- [er @coroutine#1] o.a.f.lib.MoexISSHistoryLoader           : #reqDataForCheckLoaded: ticker=Ticker(value='yndx') | alreadyLoadedInfo=AlreadyLoadedInfo(tradeDate=2020-10-26, lastRowNum=1611)
2020-10-27 20:33:10.807  INFO 11744 --- [er @coroutine#1] o.a.f.lib.MoexISSHistoryLoader           : #loadRecords: ticker=Ticker(value='yndx') | recIdx=1610
2020-10-27 20:33:10.853  INFO 11744 --- [er @coroutine#1] o.a.f.lib.MoexISSHistoryLoader           :                 Start Load Pages
                ticker=Ticker(value='yndx')
                start=1611
                limit=100
2020-10-27 20:33:10.853  INFO 11744 --- [er @coroutine#1] o.a.f.lib.MoexISSHistoryLoader           : #loadPages: offset=1611

##### YRSB #####
2020-10-27 20:33:10.908  INFO 11744 --- [er @coroutine#1] o.a.f.lib.MoexISSHistorySaverImpl        : Start Actualize Ticker [yrsb] 
2020-10-27 20:33:11.026  INFO 11744 --- [er @coroutine#1] o.a.f.lib.MoexISSHistorySaverImpl        : yrsb table exists
2020-10-27 20:33:11.039  INFO 11744 --- [er @coroutine#1] o.a.f.lib.MoexISSHistorySaverImpl        : Already loaded info: AlreadyLoadedInfo(tradeDate=2020-10-26, lastRowNum=1608)
2020-10-27 20:33:11.039  INFO 11744 --- [er @coroutine#1] o.a.f.lib.MoexISSHistoryLoader           : #reqDataForCheckLoaded: ticker=Ticker(value='yrsb') | alreadyLoadedInfo=AlreadyLoadedInfo(tradeDate=2020-10-26, lastRowNum=1608)
2020-10-27 20:33:11.039  INFO 11744 --- [er @coroutine#1] o.a.f.lib.MoexISSHistoryLoader           : #loadRecords: ticker=Ticker(value='yrsb') | recIdx=1607
2020-10-27 20:33:11.079  INFO 11744 --- [er @coroutine#1] o.a.f.lib.MoexISSHistoryLoader           :                 Start Load Pages
                ticker=Ticker(value='yrsb')
                start=1608
                limit=100
2020-10-27 20:33:11.079  INFO 11744 --- [er @coroutine#1] o.a.f.lib.MoexISSHistoryLoader           : #loadPages: offset=1608

##### YRSBP #####
2020-10-27 20:33:11.127  INFO 11744 --- [er @coroutine#1] o.a.f.lib.MoexISSHistorySaverImpl        : Start Actualize Ticker [yrsbp] 
2020-10-27 20:33:11.344  INFO 11744 --- [er @coroutine#1] o.a.f.lib.MoexISSHistorySaverImpl        : yrsbp table exists
2020-10-27 20:33:11.356  INFO 11744 --- [er @coroutine#1] o.a.f.lib.MoexISSHistorySaverImpl        : Already loaded info: AlreadyLoadedInfo(tradeDate=2020-10-26, lastRowNum=1608)
2020-10-27 20:33:11.356  INFO 11744 --- [er @coroutine#1] o.a.f.lib.MoexISSHistoryLoader           : #reqDataForCheckLoaded: ticker=Ticker(value='yrsbp') | alreadyLoadedInfo=AlreadyLoadedInfo(tradeDate=2020-10-26, lastRowNum=1608)
2020-10-27 20:33:11.356  INFO 11744 --- [er @coroutine#1] o.a.f.lib.MoexISSHistoryLoader           : #loadRecords: ticker=Ticker(value='yrsbp') | recIdx=1607
2020-10-27 20:33:11.409  INFO 11744 --- [er @coroutine#1] o.a.f.lib.MoexISSHistoryLoader           :                 Start Load Pages
                ticker=Ticker(value='yrsbp')
                start=1608
                limit=100
2020-10-27 20:33:11.410  INFO 11744 --- [er @coroutine#1] o.a.f.lib.MoexISSHistoryLoader           : #loadPages: offset=1608

##### ZILL #####
2020-10-27 20:33:11.459  INFO 11744 --- [er @coroutine#1] o.a.f.lib.MoexISSHistorySaverImpl        : Start Actualize Ticker [zill] 
2020-10-27 20:33:11.562  INFO 11744 --- [er @coroutine#1] o.a.f.lib.MoexISSHistorySaverImpl        : zill table exists
2020-10-27 20:33:11.573  INFO 11744 --- [er @coroutine#1] o.a.f.lib.MoexISSHistorySaverImpl        : Already loaded info: AlreadyLoadedInfo(tradeDate=2020-10-26, lastRowNum=1608)
2020-10-27 20:33:11.573  INFO 11744 --- [er @coroutine#1] o.a.f.lib.MoexISSHistoryLoader           : #reqDataForCheckLoaded: ticker=Ticker(value='zill') | alreadyLoadedInfo=AlreadyLoadedInfo(tradeDate=2020-10-26, lastRowNum=1608)
2020-10-27 20:33:11.573  INFO 11744 --- [er @coroutine#1] o.a.f.lib.MoexISSHistoryLoader           : #loadRecords: ticker=Ticker(value='zill') | recIdx=1607
2020-10-27 20:33:11.623  INFO 11744 --- [er @coroutine#1] o.a.f.lib.MoexISSHistoryLoader           :                 Start Load Pages
                ticker=Ticker(value='zill')
                start=1608
                limit=100
2020-10-27 20:33:11.623  INFO 11744 --- [er @coroutine#1] o.a.f.lib.MoexISSHistoryLoader           : #loadPages: offset=1608

##### ZVEZ #####
2020-10-27 20:33:11.666  INFO 11744 --- [er @coroutine#1] o.a.f.lib.MoexISSHistorySaverImpl        : Start Actualize Ticker [zvez] 
2020-10-27 20:33:11.785  INFO 11744 --- [er @coroutine#1] o.a.f.lib.MoexISSHistorySaverImpl        : zvez table exists
2020-10-27 20:33:11.796  INFO 11744 --- [er @coroutine#1] o.a.f.lib.MoexISSHistorySaverImpl        : Already loaded info: AlreadyLoadedInfo(tradeDate=2020-10-26, lastRowNum=1608)
2020-10-27 20:33:11.796  INFO 11744 --- [er @coroutine#1] o.a.f.lib.MoexISSHistoryLoader           : #reqDataForCheckLoaded: ticker=Ticker(value='zvez') | alreadyLoadedInfo=AlreadyLoadedInfo(tradeDate=2020-10-26, lastRowNum=1608)
2020-10-27 20:33:11.796  INFO 11744 --- [er @coroutine#1] o.a.f.lib.MoexISSHistoryLoader           : #loadRecords: ticker=Ticker(value='zvez') | recIdx=1607
2020-10-27 20:33:11.854  INFO 11744 --- [er @coroutine#1] o.a.f.lib.MoexISSHistoryLoader           :                 Start Load Pages
                ticker=Ticker(value='zvez')
                start=1608
                limit=100
2020-10-27 20:33:11.854  INFO 11744 --- [er @coroutine#1] o.a.f.lib.MoexISSHistoryLoader           : #loadPages: offset=1608
]]></system-out>
  <system-err><![CDATA[]]></system-err>
</testsuite>
